Using pre-set license
Built from '2022.3/release' branch; Version is '2022.3.48f1 (8bf49c377ebf) revision 9172124'; Using compiler version '192829333'; Build Type 'Release'
OS: 'Windows 11  (10.0.26100) 64bit Professional' Language: 'ko' Physical Memory: 65239 MB
BatchMode: 1, IsHumanControllingUs: 0, StartBugReporterOnCrash: 0, Is64bit: 1, IsPro: 1

COMMAND LINE ARGUMENTS:
C:\Program Files\Unity\Hub\Editor\2022.3.48f1\Editor\Unity.exe
-adb2
-batchMode
-noUpm
-name
AssetImportWorker3
-projectPath
C:/Dev/MMG_CRPG/MMG_CRPG/Client
-logFile
Logs/AssetImportWorker3.log
-srvPort
59132
Successfully changed project path to: C:/Dev/MMG_CRPG/MMG_CRPG/Client
C:/Dev/MMG_CRPG/MMG_CRPG/Client
[UnityMemory] Configuration Parameters - Can be set up in boot.config
    "memorysetup-bucket-allocator-granularity=16"
    "memorysetup-bucket-allocator-bucket-count=8"
    "memorysetup-bucket-allocator-block-size=33554432"
    "memorysetup-bucket-allocator-block-count=8"
    "memorysetup-main-allocator-block-size=16777216"
    "memorysetup-thread-allocator-block-size=16777216"
    "memorysetup-gfx-main-allocator-block-size=16777216"
    "memorysetup-gfx-thread-allocator-block-size=16777216"
    "memorysetup-cache-allocator-block-size=4194304"
    "memorysetup-typetree-allocator-block-size=2097152"
    "memorysetup-profiler-bucket-allocator-granularity=16"
    "memorysetup-profiler-bucket-allocator-bucket-count=8"
    "memorysetup-profiler-bucket-allocator-block-size=33554432"
    "memorysetup-profiler-bucket-allocator-block-count=8"
    "memorysetup-profiler-allocator-block-size=16777216"
    "memorysetup-profiler-editor-allocator-block-size=1048576"
    "memorysetup-temp-allocator-size-main=16777216"
    "memorysetup-job-temp-allocator-block-size=2097152"
    "memorysetup-job-temp-allocator-block-size-background=1048576"
    "memorysetup-job-temp-allocator-reduction-small-platforms=262144"
    "memorysetup-allocator-temp-initial-block-size-main=262144"
    "memorysetup-allocator-temp-initial-block-size-worker=262144"
    "memorysetup-temp-allocator-size-background-worker=32768"
    "memorysetup-temp-allocator-size-job-worker=262144"
    "memorysetup-temp-allocator-size-preload-manager=33554432"
    "memorysetup-temp-allocator-size-nav-mesh-worker=65536"
    "memorysetup-temp-allocator-size-audio-worker=65536"
    "memorysetup-temp-allocator-size-cloud-worker=32768"
    "memorysetup-temp-allocator-size-gi-baking-worker=262144"
    "memorysetup-temp-allocator-size-gfx=262144"
Player connection [37644]  Target information:

Player connection [37644]  * "[IP] 10.48.100.201 [Port] 0 [Flags] 2 [Guid] 302372373 [EditorId] 302372373 [Version] 1048832 [Id] WindowsEditor(7,DESKTOP-ON7T0LI) [Debug] 1 [PackageName] WindowsEditor [ProjectName] Editor" 

Player connection [37644] Host joined multi-casting on [225.0.0.222:54997]...
Player connection [37644] Host joined alternative multi-casting on [225.0.0.222:34997]...
[PhysX] Initialized MultithreadedTaskDispatcher with 16 workers.
Refreshing native plugins compatible for Editor in 26.14 ms, found 3 plugins.
Preloading 0 native plugins for Editor in 0.00 ms.
Initialize engine version: 2022.3.48f1 (8bf49c377ebf)
[Subsystems] Discovering subsystems at path C:/Program Files/Unity/Hub/Editor/2022.3.48f1/Editor/Data/Resources/UnitySubsystems
[Subsystems] Discovering subsystems at path C:/Dev/MMG_CRPG/MMG_CRPG/Client/Assets
GfxDevice: creating device client; threaded=0; jobified=0
Direct3D:
    Version:  Direct3D 11.0 [level 11.1]
    Renderer: NVIDIA GeForce RTX 4060 Laptop GPU (ID=0x28a0)
    Vendor:   NVIDIA
    VRAM:     7957 MB
    Driver:   32.0.15.6614
Initialize mono
Mono path[0] = 'C:/Program Files/Unity/Hub/Editor/2022.3.48f1/Editor/Data/Managed'
Mono path[1] = 'C:/Program Files/Unity/Hub/Editor/2022.3.48f1/Editor/Data/MonoBleedingEdge/lib/mono/unityjit-win32'
Mono config path = 'C:/Program Files/Unity/Hub/Editor/2022.3.48f1/Editor/Data/MonoBleedingEdge/etc'
Using monoOptions --debugger-agent=transport=dt_socket,embedding=1,server=y,suspend=n,address=127.0.0.1:56436
Begin MonoManager ReloadAssembly
Registering precompiled unity dll's ...
Register platform support module: C:/Program Files/Unity/Hub/Editor/2022.3.48f1/Editor/Data/PlaybackEngines/WebGLSupport/UnityEditor.WebGL.Extensions.dll
Register platform support module: C:/Program Files/Unity/Hub/Editor/2022.3.48f1/Editor/Data/PlaybackEngines/AndroidPlayer/UnityEditor.Android.Extensions.dll
Register platform support module: C:/Program Files/Unity/Hub/Editor/2022.3.48f1/Editor/Data/PlaybackEngines/WindowsStandaloneSupport/UnityEditor.WindowsStandalone.Extensions.dll
Registered in 0.031315 seconds.
- Loaded All Assemblies, in  0.421 seconds
Native extension for WindowsStandalone target not found
Native extension for Android target not found
Android Extension - Scanning For ADB Devices 342 ms
Native extension for WebGL target not found
Mono: successfully reloaded assembly
- Finished resetting the current domain, in  0.579 seconds
Domain Reload Profiling: 993ms
	BeginReloadAssembly (145ms)
		ExecutionOrderSort (0ms)
		DisableScriptedObjects (0ms)
		BackupInstance (0ms)
		ReleaseScriptingObjects (0ms)
		CreateAndSetChildDomain (1ms)
	RebuildCommonClasses (30ms)
	RebuildNativeTypeToScriptingClass (7ms)
	initialDomainReloadingComplete (87ms)
	LoadAllAssembliesAndSetupDomain (144ms)
		LoadAssemblies (142ms)
		RebuildTransferFunctionScriptingTraits (0ms)
		AnalyzeDomain (140ms)
			TypeCache.Refresh (139ms)
				TypeCache.ScanAssembly (127ms)
			ScanForSourceGeneratedMonoScriptInfo (0ms)
			ResolveRequiredComponents (0ms)
	FinalizeReload (580ms)
		ReleaseScriptCaches (0ms)
		RebuildScriptCaches (0ms)
		SetupLoadedEditorAssemblies (544ms)
			LogAssemblyErrors (0ms)
			InitializePlatformSupportModulesInManaged (423ms)
			SetLoadedEditorAssemblies (4ms)
			RefreshPlugins (0ms)
			BeforeProcessingInitializeOnLoad (2ms)
			ProcessInitializeOnLoadAttributes (82ms)
			ProcessInitializeOnLoadMethodAttributes (33ms)
			AfterProcessingInitializeOnLoad (0ms)
			EditorAssembliesLoaded (0ms)
		ExecutionOrderSort2 (0ms)
		AwakeInstancesAfterBackupRestoration (0ms)
========================================================================
Worker process is ready to serve import requests
Caller must complete domain reload
Begin MonoManager ReloadAssembly
- Loaded All Assemblies, in  0.691 seconds
Native extension for WindowsStandalone target not found
Native extension for Android target not found
Native extension for WebGL target not found
Mono: successfully reloaded assembly
- Finished resetting the current domain, in  0.761 seconds
Domain Reload Profiling: 1446ms
	BeginReloadAssembly (141ms)
		ExecutionOrderSort (0ms)
		DisableScriptedObjects (3ms)
		BackupInstance (0ms)
		ReleaseScriptingObjects (0ms)
		CreateAndSetChildDomain (15ms)
	RebuildCommonClasses (25ms)
	RebuildNativeTypeToScriptingClass (7ms)
	initialDomainReloadingComplete (41ms)
	LoadAllAssembliesAndSetupDomain (470ms)
		LoadAssemblies (400ms)
		RebuildTransferFunctionScriptingTraits (0ms)
		AnalyzeDomain (167ms)
			TypeCache.Refresh (147ms)
				TypeCache.ScanAssembly (134ms)
			ScanForSourceGeneratedMonoScriptInfo (13ms)
			ResolveRequiredComponents (5ms)
	FinalizeReload (762ms)
		ReleaseScriptCaches (0ms)
		RebuildScriptCaches (0ms)
		SetupLoadedEditorAssemblies (657ms)
			LogAssemblyErrors (0ms)
			InitializePlatformSupportModulesInManaged (21ms)
			SetLoadedEditorAssemblies (4ms)
			RefreshPlugins (0ms)
			BeforeProcessingInitializeOnLoad (115ms)
			ProcessInitializeOnLoadAttributes (486ms)
			ProcessInitializeOnLoadMethodAttributes (19ms)
			AfterProcessingInitializeOnLoad (13ms)
			EditorAssembliesLoaded (0ms)
		ExecutionOrderSort2 (0ms)
		AwakeInstancesAfterBackupRestoration (7ms)
Launched and connected shader compiler UnityShaderCompiler.exe after 0.05 seconds
Refreshing native plugins compatible for Editor in 8.97 ms, found 3 plugins.
Preloading 0 native plugins for Editor in 0.00 ms.
Unloading 4359 Unused Serialized files (Serialized files now loaded: 0)
Unloading 36 unused Assets / (1.9 MB). Loaded Objects now: 4822.
Memory consumption went from 185.0 MB to 183.2 MB.
Total: 2.653700 ms (FindLiveObjects: 0.195600 ms CreateObjectMapping: 0.072400 ms MarkObjects: 2.137000 ms  DeleteObjects: 0.247600 ms)

AssetImportParameters requested are different than current active one (requested -> active):
  custom:container-demuxer-ogg: 62fdf1f143b41e24485cea50d1cbac27 -> 
  custom:video-codec-MediaFoundation-h265: 746d11721c4dcdbdad8f713fa42b33f4 -> 
  custom:video-decoder-ogg-theora: a1e56fd34408186e4bbccfd4996cb3dc -> 
  custom:framework-win-MediaFoundation: 216162199b28c13a410421893ffa2e32 -> 
  custom:CustomObjectIndexerAttribute: 9a22284fe3817be447336de3de66b15e -> 
  custom:container-demuxer-webm: 4f35f7cbe854078d1ac9338744f61a02 -> 
  custom:container-muxer-webm: aa71ff27fc2769a1b78a27578f13a17b -> 
  custom:video-decoder-webm-vp8: 9c59270c3fd7afecdb556c50c9e8de78 -> 
  custom:SearchIndexIgnoredProperties: e643bd26f0fe6173181afceb89e7c659 -> 
  custom:AudioImporter_EditorPlatform: d09bf68614088b80899f8185d706f6e7 -> 
  custom:video-encoder-webm-vp8: eb34c28f22e8b96e1ab97ce403110664 -> 
  custom:audio-decoder-ogg-vorbis: bf7c407c2cedff20999df2af8eb42d56 -> 
  custom:audio-encoder-webm-vorbis: bf7c407c2cedff20999df2af8eb42d56 -> 
========================================================================
Received Import Request.
  Time since last request: 1116773.198558 seconds.
  path: Assets/ExternalAsset/RPGTinyHeroWavePBR/Prefab/ModularCharacters/MC05.prefab
  artifactKey: Guid(643bdda2d7596c941807e9d7671abee1) Importer(815301076,1909f56bfc062723c751e8b465ee728b)
Start importing Assets/ExternalAsset/RPGTinyHeroWavePBR/Prefab/ModularCharacters/MC05.prefab using Guid(643bdda2d7596c941807e9d7671abee1) Importer(815301076,1909f56bfc062723c751e8b465ee728b) [PhysX] Initialized MultithreadedTaskDispatcher with 16 workers.
[PhysX] Initialized MultithreadedTaskDispatcher with 16 workers.
 -> (artifact id: 'b7bd3855b77c59502dc17a48547ada2b') in 0.417907 seconds
Number of updated asset objects reloaded before import = 0
Number of asset objects unloaded after import = 2461
========================================================================
Received Import Request.
  Time since last request: 0.000024 seconds.
  path: Assets/ExternalAsset/RPGTinyHeroWavePBR/Prefab/ModularCharacters/MC09.prefab
  artifactKey: Guid(b9fa4e873c3ac494db24b7e292b0ab10) Importer(815301076,1909f56bfc062723c751e8b465ee728b)
Start importing Assets/ExternalAsset/RPGTinyHeroWavePBR/Prefab/ModularCharacters/MC09.prefab using Guid(b9fa4e873c3ac494db24b7e292b0ab10) Importer(815301076,1909f56bfc062723c751e8b465ee728b) [PhysX] Initialized MultithreadedTaskDispatcher with 16 workers.
[PhysX] Initialized MultithreadedTaskDispatcher with 16 workers.
 -> (artifact id: 'cea5fd04ab4d75f71efccf428d108d9a') in 0.386323 seconds
Number of updated asset objects reloaded before import = 0
Number of asset objects unloaded after import = 2461
========================================================================
Received Import Request.
  Time since last request: 0.000027 seconds.
  path: Assets/ExternalAsset/RPGTinyHeroWavePBR/Prefab/ModularCharacters/MC07.prefab
  artifactKey: Guid(aba1b6f0e51f89843957d3c7d572224a) Importer(815301076,1909f56bfc062723c751e8b465ee728b)
Start importing Assets/ExternalAsset/RPGTinyHeroWavePBR/Prefab/ModularCharacters/MC07.prefab using Guid(aba1b6f0e51f89843957d3c7d572224a) Importer(815301076,1909f56bfc062723c751e8b465ee728b) [PhysX] Initialized MultithreadedTaskDispatcher with 16 workers.
[PhysX] Initialized MultithreadedTaskDispatcher with 16 workers.
 -> (artifact id: '64a75df7ed177753a6789e918af1995f') in 0.267477 seconds
Number of updated asset objects reloaded before import = 0
Number of asset objects unloaded after import = 2464
========================================================================
Received Import Request.
  Time since last request: 0.000022 seconds.
  path: Assets/ExternalAsset/RPGTinyHeroWavePBR/Prefab/ModularCharacters/MC13.prefab
  artifactKey: Guid(5728b173df1506244a1514016c912d34) Importer(815301076,1909f56bfc062723c751e8b465ee728b)
Start importing Assets/ExternalAsset/RPGTinyHeroWavePBR/Prefab/ModularCharacters/MC13.prefab using Guid(5728b173df1506244a1514016c912d34) Importer(815301076,1909f56bfc062723c751e8b465ee728b) [PhysX] Initialized MultithreadedTaskDispatcher with 16 workers.
[PhysX] Initialized MultithreadedTaskDispatcher with 16 workers.
 -> (artifact id: 'ff32d855301fa9cd08bf91f7e44d8b6f') in 0.174343 seconds
Number of updated asset objects reloaded before import = 0
Number of asset objects unloaded after import = 1363
========================================================================
Received Import Request.
  Time since last request: 0.000029 seconds.
  path: Assets/ExternalAsset/RPGTinyHeroWavePBR/Prefab/ModularCharacters/MC08.prefab
  artifactKey: Guid(a744f2703897d954bb3c3bb3dbd71d0c) Importer(815301076,1909f56bfc062723c751e8b465ee728b)
Start importing Assets/ExternalAsset/RPGTinyHeroWavePBR/Prefab/ModularCharacters/MC08.prefab using Guid(a744f2703897d954bb3c3bb3dbd71d0c) Importer(815301076,1909f56bfc062723c751e8b465ee728b) [PhysX] Initialized MultithreadedTaskDispatcher with 16 workers.
[PhysX] Initialized MultithreadedTaskDispatcher with 16 workers.
 -> (artifact id: '9d7190305f13820b85e0e858d3923c94') in 0.264820 seconds
Number of updated asset objects reloaded before import = 0
Number of asset objects unloaded after import = 2461
========================================================================
Received Import Request.
  Time since last request: 2.761325 seconds.
  path: Assets/ExternalAsset/RPGTinyHeroWavePBR/Prefab/Weapons/OHS02_Niddle.prefab
  artifactKey: Guid(f9ec344f25d9c0c4d93a8d5a176fa122) Importer(815301076,1909f56bfc062723c751e8b465ee728b)
Start importing Assets/ExternalAsset/RPGTinyHeroWavePBR/Prefab/Weapons/OHS02_Niddle.prefab using Guid(f9ec344f25d9c0c4d93a8d5a176fa122) Importer(815301076,1909f56bfc062723c751e8b465ee728b) [PhysX] Initialized MultithreadedTaskDispatcher with 16 workers.
[PhysX] Initialized MultithreadedTaskDispatcher with 16 workers.
 -> (artifact id: 'b294d84bd87c8cc18fb663f15a81c308') in 0.082281 seconds
Number of updated asset objects reloaded before import = 0
Number of asset objects unloaded after import = 11
========================================================================
Received Import Request.
  Time since last request: 0.000029 seconds.
  path: Assets/ExternalAsset/RPGTinyHeroWavePBR/Prefab/Weapons/OHS15_Sword.prefab
  artifactKey: Guid(33f81648c9485844fb45d2e15951d38c) Importer(815301076,1909f56bfc062723c751e8b465ee728b)
Start importing Assets/ExternalAsset/RPGTinyHeroWavePBR/Prefab/Weapons/OHS15_Sword.prefab using Guid(33f81648c9485844fb45d2e15951d38c) Importer(815301076,1909f56bfc062723c751e8b465ee728b) [PhysX] Initialized MultithreadedTaskDispatcher with 16 workers.
[PhysX] Initialized MultithreadedTaskDispatcher with 16 workers.
 -> (artifact id: '4ff659f608b5c5120cdbe4e5ac7240cb') in 0.057811 seconds
Number of updated asset objects reloaded before import = 0
Number of asset objects unloaded after import = 11
========================================================================
Received Import Request.
  Time since last request: 0.000048 seconds.
  path: Assets/ExternalAsset/RPGTinyHeroWavePBR/Prefab/Weapons/OHS13_Axe.prefab
  artifactKey: Guid(c4ac131e534416c4aafd651dc39c2945) Importer(815301076,1909f56bfc062723c751e8b465ee728b)
Start importing Assets/ExternalAsset/RPGTinyHeroWavePBR/Prefab/Weapons/OHS13_Axe.prefab using Guid(c4ac131e534416c4aafd651dc39c2945) Importer(815301076,1909f56bfc062723c751e8b465ee728b) [PhysX] Initialized MultithreadedTaskDispatcher with 16 workers.
[PhysX] Initialized MultithreadedTaskDispatcher with 16 workers.
 -> (artifact id: 'd36f930fef677999eab79271885bda13') in 0.018789 seconds
Number of updated asset objects reloaded before import = 0
Number of asset objects unloaded after import = 11
========================================================================
Received Import Request.
  Time since last request: 0.000021 seconds.
  path: Assets/ExternalAsset/RPGTinyHeroWavePBR/Prefab/Weapons/OHS06_Sword.prefab
  artifactKey: Guid(e65c75b997a6a664297587e210878bea) Importer(815301076,1909f56bfc062723c751e8b465ee728b)
Start importing Assets/ExternalAsset/RPGTinyHeroWavePBR/Prefab/Weapons/OHS06_Sword.prefab using Guid(e65c75b997a6a664297587e210878bea) Importer(815301076,1909f56bfc062723c751e8b465ee728b) [PhysX] Initialized MultithreadedTaskDispatcher with 16 workers.
[PhysX] Initialized MultithreadedTaskDispatcher with 16 workers.
 -> (artifact id: '82e40f5ad21552ef890c99eaea54e35a') in 0.030626 seconds
Number of updated asset objects reloaded before import = 0
Number of asset objects unloaded after import = 11
========================================================================
Received Import Request.
  Time since last request: 0.000017 seconds.
  path: Assets/ExternalAsset/RPGTinyHeroWavePBR/Prefab/Weapons/Shield05.prefab
  artifactKey: Guid(609f4ca719fa0974abec51d301caaed1) Importer(815301076,1909f56bfc062723c751e8b465ee728b)
Start importing Assets/ExternalAsset/RPGTinyHeroWavePBR/Prefab/Weapons/Shield05.prefab using Guid(609f4ca719fa0974abec51d301caaed1) Importer(815301076,1909f56bfc062723c751e8b465ee728b) [PhysX] Initialized MultithreadedTaskDispatcher with 16 workers.
[PhysX] Initialized MultithreadedTaskDispatcher with 16 workers.
 -> (artifact id: 'f1ac9c1a1046670a5aa185747bce0353') in 0.026264 seconds
Number of updated asset objects reloaded before import = 0
Number of asset objects unloaded after import = 11
========================================================================
Received Import Request.
  Time since last request: 0.000018 seconds.
  path: Assets/ExternalAsset/RPGTinyHeroWavePBR/Prefab/Weapons/OHS14_Hammer.prefab
  artifactKey: Guid(5c46bff3855bdcc40b8264ba30b041df) Importer(815301076,1909f56bfc062723c751e8b465ee728b)
Start importing Assets/ExternalAsset/RPGTinyHeroWavePBR/Prefab/Weapons/OHS14_Hammer.prefab using Guid(5c46bff3855bdcc40b8264ba30b041df) Importer(815301076,1909f56bfc062723c751e8b465ee728b) [PhysX] Initialized MultithreadedTaskDispatcher with 16 workers.
[PhysX] Initialized MultithreadedTaskDispatcher with 16 workers.
 -> (artifact id: '2656ac17a89812828cbcd00c5dcde4a3') in 0.020549 seconds
Number of updated asset objects reloaded before import = 0
Number of asset objects unloaded after import = 11
========================================================================
Received Import Request.
  Time since last request: 0.000017 seconds.
  path: Assets/ExternalAsset/RPGTinyHeroWavePBR/Prefab/Weapons/Shield07.prefab
  artifactKey: Guid(71830dc673932a945bafda70c3b4eca6) Importer(815301076,1909f56bfc062723c751e8b465ee728b)
Start importing Assets/ExternalAsset/RPGTinyHeroWavePBR/Prefab/Weapons/Shield07.prefab using Guid(71830dc673932a945bafda70c3b4eca6) Importer(815301076,1909f56bfc062723c751e8b465ee728b) [PhysX] Initialized MultithreadedTaskDispatcher with 16 workers.
[PhysX] Initialized MultithreadedTaskDispatcher with 16 workers.
 -> (artifact id: '49122a895a6b655477c7d48ded883bd7') in 0.034635 seconds
Number of updated asset objects reloaded before import = 0
Number of asset objects unloaded after import = 11
========================================================================
Received Import Request.
  Time since last request: 0.635728 seconds.
  path: Assets/ExternalAsset/RPGTinyHeroWavePBR/Mesh/HeadParts/AC03_NerdGlass.fbx
  artifactKey: Guid(cd308b083543e1149897de45cda8cb4c) Importer(815301076,1909f56bfc062723c751e8b465ee728b)
Start importing Assets/ExternalAsset/RPGTinyHeroWavePBR/Mesh/HeadParts/AC03_NerdGlass.fbx using Guid(cd308b083543e1149897de45cda8cb4c) Importer(815301076,1909f56bfc062723c751e8b465ee728b) [PhysX] Initialized MultithreadedTaskDispatcher with 16 workers.
[PhysX] Initialized MultithreadedTaskDispatcher with 16 workers.
[PhysX] Initialized MultithreadedTaskDispatcher with 16 workers.
 -> (artifact id: '973381c0a2d45d007aa7d8c5f40b1460') in 0.069066 seconds
Number of updated asset objects reloaded before import = 0
Number of asset objects unloaded after import = 7
========================================================================
Received Import Request.
  Time since last request: 0.000037 seconds.
  path: Assets/ExternalAsset/RPGTinyHeroWavePBR/Mesh/HeadParts/AC08_NinjaMask01.fbx
  artifactKey: Guid(6799c5bc94cc33044931b743e93007a6) Importer(815301076,1909f56bfc062723c751e8b465ee728b)
Start importing Assets/ExternalAsset/RPGTinyHeroWavePBR/Mesh/HeadParts/AC08_NinjaMask01.fbx using Guid(6799c5bc94cc33044931b743e93007a6) Importer(815301076,1909f56bfc062723c751e8b465ee728b) [PhysX] Initialized MultithreadedTaskDispatcher with 16 workers.
[PhysX] Initialized MultithreadedTaskDispatcher with 16 workers.
[PhysX] Initialized MultithreadedTaskDispatcher with 16 workers.
 -> (artifact id: '25ed2a6b2525439d50e34fb6e437fda6') in 0.044609 seconds
Number of updated asset objects reloaded before import = 0
Number of asset objects unloaded after import = 7
========================================================================
Received Import Request.
  Time since last request: 0.000039 seconds.
  path: Assets/ExternalAsset/RPGTinyHeroWavePBR/Mesh/HeadParts/AC03_NightVision.fbx
  artifactKey: Guid(b699a9c8192777d45899699390e2b82c) Importer(815301076,1909f56bfc062723c751e8b465ee728b)
Start importing Assets/ExternalAsset/RPGTinyHeroWavePBR/Mesh/HeadParts/AC03_NightVision.fbx using Guid(b699a9c8192777d45899699390e2b82c) Importer(815301076,1909f56bfc062723c751e8b465ee728b) [PhysX] Initialized MultithreadedTaskDispatcher with 16 workers.
[PhysX] Initialized MultithreadedTaskDispatcher with 16 workers.
[PhysX] Initialized MultithreadedTaskDispatcher with 16 workers.
 -> (artifact id: '11853af23b4b1a8e03df3ca85c3e1c4b') in 0.043611 seconds
Number of updated asset objects reloaded before import = 0
Number of asset objects unloaded after import = 7
========================================================================
Received Import Request.
  Time since last request: 0.000022 seconds.
  path: Assets/ExternalAsset/RPGTinyHeroWavePBR/Mesh/HeadParts/AC10_Mustache01.fbx
  artifactKey: Guid(d862b5ca9598dc14a8903a7e5f6fcc6a) Importer(815301076,1909f56bfc062723c751e8b465ee728b)
Start importing Assets/ExternalAsset/RPGTinyHeroWavePBR/Mesh/HeadParts/AC10_Mustache01.fbx using Guid(d862b5ca9598dc14a8903a7e5f6fcc6a) Importer(815301076,1909f56bfc062723c751e8b465ee728b) [PhysX] Initialized MultithreadedTaskDispatcher with 16 workers.
[PhysX] Initialized MultithreadedTaskDispatcher with 16 workers.
[PhysX] Initialized MultithreadedTaskDispatcher with 16 workers.
 -> (artifact id: '6e649a5a7bd093702726f92de49c2cc2') in 0.055359 seconds
Number of updated asset objects reloaded before import = 0
Number of asset objects unloaded after import = 7
========================================================================
Received Import Request.
  Time since last request: 0.000016 seconds.
  path: Assets/ExternalAsset/RPGTinyHeroWavePBR/Mesh/HeadParts/AC06_Crown02.fbx
  artifactKey: Guid(5093e171683c56245b0f9572ee09a27e) Importer(815301076,1909f56bfc062723c751e8b465ee728b)
Start importing Assets/ExternalAsset/RPGTinyHeroWavePBR/Mesh/HeadParts/AC06_Crown02.fbx using Guid(5093e171683c56245b0f9572ee09a27e) Importer(815301076,1909f56bfc062723c751e8b465ee728b) [PhysX] Initialized MultithreadedTaskDispatcher with 16 workers.
[PhysX] Initialized MultithreadedTaskDispatcher with 16 workers.
[PhysX] Initialized MultithreadedTaskDispatcher with 16 workers.
 -> (artifact id: 'c3e15f2791f49aa441621926fd48b13e') in 0.017729 seconds
Number of updated asset objects reloaded before import = 0
Number of asset objects unloaded after import = 7
========================================================================
Received Import Request.
  Time since last request: 0.000021 seconds.
  path: Assets/ExternalAsset/RPGTinyHeroWavePBR/Mesh/HeadParts/AC06_Crown01.fbx
  artifactKey: Guid(af5a8b1dc217a0c47ac0b3bfbd792f97) Importer(815301076,1909f56bfc062723c751e8b465ee728b)
Start importing Assets/ExternalAsset/RPGTinyHeroWavePBR/Mesh/HeadParts/AC06_Crown01.fbx using Guid(af5a8b1dc217a0c47ac0b3bfbd792f97) Importer(815301076,1909f56bfc062723c751e8b465ee728b) [PhysX] Initialized MultithreadedTaskDispatcher with 16 workers.
[PhysX] Initialized MultithreadedTaskDispatcher with 16 workers.
[PhysX] Initialized MultithreadedTaskDispatcher with 16 workers.
 -> (artifact id: 'fe50debf6429d06f94836691d604ad69') in 0.016726 seconds
Number of updated asset objects reloaded before import = 0
Number of asset objects unloaded after import = 7
========================================================================
Received Import Request.
  Time since last request: 0.000016 seconds.
  path: Assets/ExternalAsset/RPGTinyHeroWavePBR/Mesh/HeadParts/AC08_NinjaMask05.fbx
  artifactKey: Guid(5150c20bedd6eac4ab9b528fc5f742d7) Importer(815301076,1909f56bfc062723c751e8b465ee728b)
Start importing Assets/ExternalAsset/RPGTinyHeroWavePBR/Mesh/HeadParts/AC08_NinjaMask05.fbx using Guid(5150c20bedd6eac4ab9b528fc5f742d7) Importer(815301076,1909f56bfc062723c751e8b465ee728b) [PhysX] Initialized MultithreadedTaskDispatcher with 16 workers.
[PhysX] Initialized MultithreadedTaskDispatcher with 16 workers.
[PhysX] Initialized MultithreadedTaskDispatcher with 16 workers.
 -> (artifact id: 'fe8dfa1cc7b4d37037977c1f8c4e1a5b') in 0.017499 seconds
Number of updated asset objects reloaded before import = 0
Number of asset objects unloaded after import = 7
========================================================================
Received Import Request.
  Time since last request: 1.566131 seconds.
  path: Assets/ExternalAsset/RPGTinyHeroWavePBR/Mesh/HeadParts/AC10_Mustache05.fbx
  artifactKey: Guid(6fa2acaf2c2f2364d832b2a55d6aaeae) Importer(815301076,1909f56bfc062723c751e8b465ee728b)
Start importing Assets/ExternalAsset/RPGTinyHeroWavePBR/Mesh/HeadParts/AC10_Mustache05.fbx using Guid(6fa2acaf2c2f2364d832b2a55d6aaeae) Importer(815301076,1909f56bfc062723c751e8b465ee728b) [PhysX] Initialized MultithreadedTaskDispatcher with 16 workers.
[PhysX] Initialized MultithreadedTaskDispatcher with 16 workers.
[PhysX] Initialized MultithreadedTaskDispatcher with 16 workers.
 -> (artifact id: '280d45016351246aa8f8be9c6fc63e21') in 0.026645 seconds
Number of updated asset objects reloaded before import = 0
Number of asset objects unloaded after import = 7
========================================================================
Received Import Request.
  Time since last request: 0.000015 seconds.
  path: Assets/ExternalAsset/RPGTinyHeroWavePBR/Mesh/HeadParts/AC11_Mustache03.fbx
  artifactKey: Guid(ab190d7d5f083154281059cca38a8d5e) Importer(815301076,1909f56bfc062723c751e8b465ee728b)
Start importing Assets/ExternalAsset/RPGTinyHeroWavePBR/Mesh/HeadParts/AC11_Mustache03.fbx using Guid(ab190d7d5f083154281059cca38a8d5e) Importer(815301076,1909f56bfc062723c751e8b465ee728b) [PhysX] Initialized MultithreadedTaskDispatcher with 16 workers.
[PhysX] Initialized MultithreadedTaskDispatcher with 16 workers.
[PhysX] Initialized MultithreadedTaskDispatcher with 16 workers.
 -> (artifact id: '4039600c95a57d72efe1e8397d0afe28') in 0.029024 seconds
Number of updated asset objects reloaded before import = 0
Number of asset objects unloaded after import = 7
========================================================================
Received Import Request.
  Time since last request: 0.274248 seconds.
  path: Assets/ExternalAsset/RPGTinyHeroWavePBR/Mesh/HeadParts/BackPack02.fbx
  artifactKey: Guid(91a417ebeded06d47889eac9cc52b01a) Importer(815301076,1909f56bfc062723c751e8b465ee728b)
Start importing Assets/ExternalAsset/RPGTinyHeroWavePBR/Mesh/HeadParts/BackPack02.fbx using Guid(91a417ebeded06d47889eac9cc52b01a) Importer(815301076,1909f56bfc062723c751e8b465ee728b) [PhysX] Initialized MultithreadedTaskDispatcher with 16 workers.
[PhysX] Initialized MultithreadedTaskDispatcher with 16 workers.
[PhysX] Initialized MultithreadedTaskDispatcher with 16 workers.
 -> (artifact id: '4625ccd01e652742a0a46f98868751dc') in 0.086299 seconds
Number of updated asset objects reloaded before import = 0
Number of asset objects unloaded after import = 7
========================================================================
Received Import Request.
  Time since last request: 0.000024 seconds.
  path: Assets/ExternalAsset/RPGTinyHeroWavePBR/Mesh/HeadParts/Eye03.fbx
  artifactKey: Guid(0e4ec84d21c9a4b418b46c09780ee85f) Importer(815301076,1909f56bfc062723c751e8b465ee728b)
Start importing Assets/ExternalAsset/RPGTinyHeroWavePBR/Mesh/HeadParts/Eye03.fbx using Guid(0e4ec84d21c9a4b418b46c09780ee85f) Importer(815301076,1909f56bfc062723c751e8b465ee728b) [PhysX] Initialized MultithreadedTaskDispatcher with 16 workers.
[PhysX] Initialized MultithreadedTaskDispatcher with 16 workers.
[PhysX] Initialized MultithreadedTaskDispatcher with 16 workers.
 -> (artifact id: '656afa66a089aa3d1941c2c76c6c97ef') in 0.039824 seconds
Number of updated asset objects reloaded before import = 0
Number of asset objects unloaded after import = 7
========================================================================
Received Import Request.
  Time since last request: 0.000015 seconds.
  path: Assets/ExternalAsset/RPGTinyHeroWavePBR/Mesh/HeadParts/Eye01.fbx
  artifactKey: Guid(751396bedfff5654ba0645beaf0f02c5) Importer(815301076,1909f56bfc062723c751e8b465ee728b)
Start importing Assets/ExternalAsset/RPGTinyHeroWavePBR/Mesh/HeadParts/Eye01.fbx using Guid(751396bedfff5654ba0645beaf0f02c5) Importer(815301076,1909f56bfc062723c751e8b465ee728b) [PhysX] Initialized MultithreadedTaskDispatcher with 16 workers.
[PhysX] Initialized MultithreadedTaskDispatcher with 16 workers.
[PhysX] Initialized MultithreadedTaskDispatcher with 16 workers.
 -> (artifact id: '591db8bce0f3b8eab85e093e62b8f1ea') in 0.025434 seconds
Number of updated asset objects reloaded before import = 0
Number of asset objects unloaded after import = 7
========================================================================
Received Import Request.
  Time since last request: 0.127136 seconds.
  path: Assets/ExternalAsset/RPGTinyHeroWavePBR/Mesh/HeadParts/Eye11.fbx
  artifactKey: Guid(6f4d8bda75583cd40bfac8f4cf36d48e) Importer(815301076,1909f56bfc062723c751e8b465ee728b)
Start importing Assets/ExternalAsset/RPGTinyHeroWavePBR/Mesh/HeadParts/Eye11.fbx using Guid(6f4d8bda75583cd40bfac8f4cf36d48e) Importer(815301076,1909f56bfc062723c751e8b465ee728b) [PhysX] Initialized MultithreadedTaskDispatcher with 16 workers.
[PhysX] Initialized MultithreadedTaskDispatcher with 16 workers.
[PhysX] Initialized MultithreadedTaskDispatcher with 16 workers.
 -> (artifact id: '63fd6b377252994e62c6fb7808d580f7') in 0.030964 seconds
Number of updated asset objects reloaded before import = 0
Number of asset objects unloaded after import = 7
========================================================================
Received Import Request.
  Time since last request: 0.000017 seconds.
  path: Assets/ExternalAsset/RPGTinyHeroWavePBR/Mesh/HeadParts/Hair01.fbx
  artifactKey: Guid(3a6dbd354c35fe3469d1e92fd4496c58) Importer(815301076,1909f56bfc062723c751e8b465ee728b)
Start importing Assets/ExternalAsset/RPGTinyHeroWavePBR/Mesh/HeadParts/Hair01.fbx using Guid(3a6dbd354c35fe3469d1e92fd4496c58) Importer(815301076,1909f56bfc062723c751e8b465ee728b) [PhysX] Initialized MultithreadedTaskDispatcher with 16 workers.
[PhysX] Initialized MultithreadedTaskDispatcher with 16 workers.
[PhysX] Initialized MultithreadedTaskDispatcher with 16 workers.
 -> (artifact id: '93c364e57e42ff32f7fb5b54e1ede872') in 0.027045 seconds
Number of updated asset objects reloaded before import = 0
Number of asset objects unloaded after import = 7
========================================================================
Received Import Request.
  Time since last request: 0.005393 seconds.
  path: Assets/ExternalAsset/RPGTinyHeroWavePBR/Mesh/HeadParts/Hair05.fbx
  artifactKey: Guid(e992036f9f4e1124c9dfb525f0d36396) Importer(815301076,1909f56bfc062723c751e8b465ee728b)
Start importing Assets/ExternalAsset/RPGTinyHeroWavePBR/Mesh/HeadParts/Hair05.fbx using Guid(e992036f9f4e1124c9dfb525f0d36396) Importer(815301076,1909f56bfc062723c751e8b465ee728b) [PhysX] Initialized MultithreadedTaskDispatcher with 16 workers.
[PhysX] Initialized MultithreadedTaskDispatcher with 16 workers.
[PhysX] Initialized MultithreadedTaskDispatcher with 16 workers.
 -> (artifact id: '2e2f789d58f18efebf777f1929288ef5') in 0.028811 seconds
Number of updated asset objects reloaded before import = 0
Number of asset objects unloaded after import = 7
========================================================================
Received Import Request.
  Time since last request: 0.483274 seconds.
  path: Assets/ExternalAsset/RPGTinyHeroWavePBR/Mesh/HeadParts/Hair09.fbx
  artifactKey: Guid(56ef99e2a702dd74f80254a98f2b7602) Importer(815301076,1909f56bfc062723c751e8b465ee728b)
Start importing Assets/ExternalAsset/RPGTinyHeroWavePBR/Mesh/HeadParts/Hair09.fbx using Guid(56ef99e2a702dd74f80254a98f2b7602) Importer(815301076,1909f56bfc062723c751e8b465ee728b) [PhysX] Initialized MultithreadedTaskDispatcher with 16 workers.
[PhysX] Initialized MultithreadedTaskDispatcher with 16 workers.
[PhysX] Initialized MultithreadedTaskDispatcher with 16 workers.
 -> (artifact id: 'e5e51f520430b6564f280a092053b9bd') in 0.050593 seconds
Number of updated asset objects reloaded before import = 0
Number of asset objects unloaded after import = 7
========================================================================
Received Import Request.
  Time since last request: 0.000028 seconds.
  path: Assets/ExternalAsset/RPGTinyHeroWavePBR/Mesh/HeadParts/Hair13.fbx
  artifactKey: Guid(c9cb0b8666b164d4a8a7d29b45c54b65) Importer(815301076,1909f56bfc062723c751e8b465ee728b)
Start importing Assets/ExternalAsset/RPGTinyHeroWavePBR/Mesh/HeadParts/Hair13.fbx using Guid(c9cb0b8666b164d4a8a7d29b45c54b65) Importer(815301076,1909f56bfc062723c751e8b465ee728b) [PhysX] Initialized MultithreadedTaskDispatcher with 16 workers.
[PhysX] Initialized MultithreadedTaskDispatcher with 16 workers.
[PhysX] Initialized MultithreadedTaskDispatcher with 16 workers.
 -> (artifact id: 'de00bc44b2b758ba49a68009355ba6c1') in 0.055716 seconds
Number of updated asset objects reloaded before import = 0
Number of asset objects unloaded after import = 7
========================================================================
Received Import Request.
  Time since last request: 0.000019 seconds.
  path: Assets/ExternalAsset/RPGTinyHeroWavePBR/Mesh/HeadParts/Hair11.fbx
  artifactKey: Guid(fd0c6fe6cb5ebb641975e2ca7d662e81) Importer(815301076,1909f56bfc062723c751e8b465ee728b)
Start importing Assets/ExternalAsset/RPGTinyHeroWavePBR/Mesh/HeadParts/Hair11.fbx using Guid(fd0c6fe6cb5ebb641975e2ca7d662e81) Importer(815301076,1909f56bfc062723c751e8b465ee728b) [PhysX] Initialized MultithreadedTaskDispatcher with 16 workers.
[PhysX] Initialized MultithreadedTaskDispatcher with 16 workers.
[PhysX] Initialized MultithreadedTaskDispatcher with 16 workers.
 -> (artifact id: '25aacbe911c7fe7a77bbbbc097200595') in 0.022389 seconds
Number of updated asset objects reloaded before import = 0
Number of asset objects unloaded after import = 7
========================================================================
Received Import Request.
  Time since last request: 0.220408 seconds.
  path: Assets/ExternalAsset/RPGTinyHeroWavePBR/Mesh/HeadParts/Hat08.fbx
  artifactKey: Guid(5bcc55dd2561d3f4c8aecbc9b991ad66) Importer(815301076,1909f56bfc062723c751e8b465ee728b)
Start importing Assets/ExternalAsset/RPGTinyHeroWavePBR/Mesh/HeadParts/Hat08.fbx using Guid(5bcc55dd2561d3f4c8aecbc9b991ad66) Importer(815301076,1909f56bfc062723c751e8b465ee728b) [PhysX] Initialized MultithreadedTaskDispatcher with 16 workers.
[PhysX] Initialized MultithreadedTaskDispatcher with 16 workers.
[PhysX] Initialized MultithreadedTaskDispatcher with 16 workers.
 -> (artifact id: 'c7446144e6e68efb2faabc10d5365e55') in 0.092832 seconds
Number of updated asset objects reloaded before import = 0
Number of asset objects unloaded after import = 7
========================================================================
Received Import Request.
  Time since last request: 0.000017 seconds.
  path: Assets/ExternalAsset/RPGTinyHeroWavePBR/Mesh/HeadParts/Head01_Male.fbx
  artifactKey: Guid(5947923e773c0de4fbf4e35ea0e134a1) Importer(815301076,1909f56bfc062723c751e8b465ee728b)
Start importing Assets/ExternalAsset/RPGTinyHeroWavePBR/Mesh/HeadParts/Head01_Male.fbx using Guid(5947923e773c0de4fbf4e35ea0e134a1) Importer(815301076,1909f56bfc062723c751e8b465ee728b) [PhysX] Initialized MultithreadedTaskDispatcher with 16 workers.
[PhysX] Initialized MultithreadedTaskDispatcher with 16 workers.
[PhysX] Initialized MultithreadedTaskDispatcher with 16 workers.
 -> (artifact id: '320c35ae61d8b7f40d4c46090dada4f0') in 0.033162 seconds
Number of updated asset objects reloaded before import = 0
Number of asset objects unloaded after import = 7
========================================================================
Received Import Request.
  Time since last request: 0.000016 seconds.
  path: Assets/ExternalAsset/RPGTinyHeroWavePBR/Mesh/HeadParts/Hat13.fbx
  artifactKey: Guid(0d61ce61218df9242aee51c947dea01f) Importer(815301076,1909f56bfc062723c751e8b465ee728b)
Start importing Assets/ExternalAsset/RPGTinyHeroWavePBR/Mesh/HeadParts/Hat13.fbx using Guid(0d61ce61218df9242aee51c947dea01f) Importer(815301076,1909f56bfc062723c751e8b465ee728b) [PhysX] Initialized MultithreadedTaskDispatcher with 16 workers.
[PhysX] Initialized MultithreadedTaskDispatcher with 16 workers.
[PhysX] Initialized MultithreadedTaskDispatcher with 16 workers.
 -> (artifact id: '8258a8e94b57b0de3da919896f7a8f57') in 0.026954 seconds
Number of updated asset objects reloaded before import = 0
Number of asset objects unloaded after import = 7
========================================================================
Received Import Request.
  Time since last request: 2.051706 seconds.
  path: Assets/ExternalAsset/RPGTinyHeroWavePBR/Mesh/HeadParts/Mouth01.fbx
  artifactKey: Guid(23776aed5599e4448a0ea342d3681369) Importer(815301076,1909f56bfc062723c751e8b465ee728b)
Start importing Assets/ExternalAsset/RPGTinyHeroWavePBR/Mesh/HeadParts/Mouth01.fbx using Guid(23776aed5599e4448a0ea342d3681369) Importer(815301076,1909f56bfc062723c751e8b465ee728b) [PhysX] Initialized MultithreadedTaskDispatcher with 16 workers.
[PhysX] Initialized MultithreadedTaskDispatcher with 16 workers.
[PhysX] Initialized MultithreadedTaskDispatcher with 16 workers.
 -> (artifact id: '17a064ec9ded09e22ac2469b713e161c') in 0.028690 seconds
Number of updated asset objects reloaded before import = 0
Number of asset objects unloaded after import = 7
========================================================================
Received Import Request.
  Time since last request: 0.287340 seconds.
  path: Assets/ExternalAsset/RPGTinyHeroWavePBR/Mesh/HeadParts/Mouth10.fbx
  artifactKey: Guid(ed76ecafe9f52bd449757a97f6b3513f) Importer(815301076,1909f56bfc062723c751e8b465ee728b)
Start importing Assets/ExternalAsset/RPGTinyHeroWavePBR/Mesh/HeadParts/Mouth10.fbx using Guid(ed76ecafe9f52bd449757a97f6b3513f) Importer(815301076,1909f56bfc062723c751e8b465ee728b) [PhysX] Initialized MultithreadedTaskDispatcher with 16 workers.
[PhysX] Initialized MultithreadedTaskDispatcher with 16 workers.
[PhysX] Initialized MultithreadedTaskDispatcher with 16 workers.
 -> (artifact id: 'a9be503ac0a096b96877e1ab882758c0') in 0.027031 seconds
Number of updated asset objects reloaded before import = 0
Number of asset objects unloaded after import = 7
========================================================================
Received Import Request.
  Time since last request: 1.325318 seconds.
  path: Assets/ExternalAsset/RPGTinyHeroWavePBR/Mesh/Weapons/Spear01.fbx
  artifactKey: Guid(fea0dfe9f3683ad44940ec335c63dfba) Importer(815301076,1909f56bfc062723c751e8b465ee728b)
Start importing Assets/ExternalAsset/RPGTinyHeroWavePBR/Mesh/Weapons/Spear01.fbx using Guid(fea0dfe9f3683ad44940ec335c63dfba) Importer(815301076,1909f56bfc062723c751e8b465ee728b) [PhysX] Initialized MultithreadedTaskDispatcher with 16 workers.
[PhysX] Initialized MultithreadedTaskDispatcher with 16 workers.
[PhysX] Initialized MultithreadedTaskDispatcher with 16 workers.
 -> (artifact id: '9084788a3f569cfcefa18cee51efc2f2') in 0.035321 seconds
Number of updated asset objects reloaded before import = 0
Number of asset objects unloaded after import = 7
========================================================================
Received Import Request.
  Time since last request: 0.000015 seconds.
  path: Assets/ExternalAsset/RPGTinyHeroWavePBR/Mesh/Weapons/THS02_Sword.fbx
  artifactKey: Guid(627ec646de0dd7a49b3b4f3a60842006) Importer(815301076,1909f56bfc062723c751e8b465ee728b)
Start importing Assets/ExternalAsset/RPGTinyHeroWavePBR/Mesh/Weapons/THS02_Sword.fbx using Guid(627ec646de0dd7a49b3b4f3a60842006) Importer(815301076,1909f56bfc062723c751e8b465ee728b) [PhysX] Initialized MultithreadedTaskDispatcher with 16 workers.
[PhysX] Initialized MultithreadedTaskDispatcher with 16 workers.
[PhysX] Initialized MultithreadedTaskDispatcher with 16 workers.
 -> (artifact id: 'deddfc1dbe995671938ed43b2543b925') in 0.026702 seconds
Number of updated asset objects reloaded before import = 0
Number of asset objects unloaded after import = 7
========================================================================
Received Import Request.
  Time since last request: 0.000097 seconds.
  path: Assets/ExternalAsset/RPGTinyHeroWavePBR/Mesh/Weapons/Wand01.fbx
  artifactKey: Guid(2dab57c39930fc2438de42329842abb0) Importer(815301076,1909f56bfc062723c751e8b465ee728b)
Start importing Assets/ExternalAsset/RPGTinyHeroWavePBR/Mesh/Weapons/Wand01.fbx using Guid(2dab57c39930fc2438de42329842abb0) Importer(815301076,1909f56bfc062723c751e8b465ee728b) [PhysX] Initialized MultithreadedTaskDispatcher with 16 workers.
[PhysX] Initialized MultithreadedTaskDispatcher with 16 workers.
[PhysX] Initialized MultithreadedTaskDispatcher with 16 workers.
 -> (artifact id: '8f6b5d408612c18eda49e1982eb7a5b7') in 0.025866 seconds
Number of updated asset objects reloaded before import = 0
Number of asset objects unloaded after import = 7
========================================================================
Received Import Request.
  Time since last request: 0.000017 seconds.
  path: Assets/ExternalAsset/RPGTinyHeroWavePBR/Mesh/Weapons/Wand05.fbx
  artifactKey: Guid(01b6f66fcb427174da62f282eb2a0198) Importer(815301076,1909f56bfc062723c751e8b465ee728b)
Start importing Assets/ExternalAsset/RPGTinyHeroWavePBR/Mesh/Weapons/Wand05.fbx using Guid(01b6f66fcb427174da62f282eb2a0198) Importer(815301076,1909f56bfc062723c751e8b465ee728b) [PhysX] Initialized MultithreadedTaskDispatcher with 16 workers.
[PhysX] Initialized MultithreadedTaskDispatcher with 16 workers.
[PhysX] Initialized MultithreadedTaskDispatcher with 16 workers.
 -> (artifact id: 'c82228a6b693fa0bda35e1f8e6931ba3') in 0.028321 seconds
Number of updated asset objects reloaded before import = 0
Number of asset objects unloaded after import = 7
========================================================================
Received Import Request.
  Time since last request: 0.000038 seconds.
  path: Assets/ExternalAsset/RPGTinyHeroWavePBR/Mesh/Weapons/Wand02.fbx
  artifactKey: Guid(e4f5d2afb1ae56540a1079042be19baf) Importer(815301076,1909f56bfc062723c751e8b465ee728b)
Start importing Assets/ExternalAsset/RPGTinyHeroWavePBR/Mesh/Weapons/Wand02.fbx using Guid(e4f5d2afb1ae56540a1079042be19baf) Importer(815301076,1909f56bfc062723c751e8b465ee728b) [PhysX] Initialized MultithreadedTaskDispatcher with 16 workers.
[PhysX] Initialized MultithreadedTaskDispatcher with 16 workers.
[PhysX] Initialized MultithreadedTaskDispatcher with 16 workers.
 -> (artifact id: '7b7eef0d67e98512d0559fe7bcf14e7f') in 0.043373 seconds
Number of updated asset objects reloaded before import = 0
Number of asset objects unloaded after import = 7
========================================================================
Received Import Request.
  Time since last request: 1.367620 seconds.
  path: Assets/ExternalAsset/RPGTinyHeroWavePBR/Material/Stage.mat
  artifactKey: Guid(f2c23294678c47341aa7ffec8a34162a) Importer(815301076,1909f56bfc062723c751e8b465ee728b)
Start importing Assets/ExternalAsset/RPGTinyHeroWavePBR/Material/Stage.mat using Guid(f2c23294678c47341aa7ffec8a34162a) Importer(815301076,1909f56bfc062723c751e8b465ee728b) [PhysX] Initialized MultithreadedTaskDispatcher with 16 workers.
[PhysX] Initialized MultithreadedTaskDispatcher with 16 workers.
 -> (artifact id: '561008a681faba195e970eefd3e8f49f') in 0.051713 seconds
Number of updated asset objects reloaded before import = 0
Number of asset objects unloaded after import = 1
Editor requested this worker to shutdown with reason: Scaling down because of idle timeout
TcpMessagingSession - receive error: operation aborted. errorcode: 995, details: 스레드 종료 또는 응용 프로그램 요청 때문에 I/O 작업이 취소되었습니다.
AssetImportWorker is now disconnected from the server
Process exiting
Exiting without the bug reporter. Application will terminate with return code 0