Using pre-set license
Built from '2022.3/release' branch; Version is '2022.3.48f1 (8bf49c377ebf) revision 9172124'; Using compiler version '192829333'; Build Type 'Release'
OS: 'Windows 11  (10.0.26100) 64bit Professional' Language: 'ko' Physical Memory: 65239 MB
BatchMode: 1, IsHumanControllingUs: 0, StartBugReporterOnCrash: 0, Is64bit: 1, IsPro: 1

COMMAND LINE ARGUMENTS:
C:\Program Files\Unity\Hub\Editor\2022.3.48f1\Editor\Unity.exe
-adb2
-batchMode
-noUpm
-name
AssetImportWorker2
-projectPath
C:/Dev/MMG_CRPG/MMG_CRPG/Client
-logFile
Logs/AssetImportWorker2.log
-srvPort
59132
Successfully changed project path to: C:/Dev/MMG_CRPG/MMG_CRPG/Client
C:/Dev/MMG_CRPG/MMG_CRPG/Client
[UnityMemory] Configuration Parameters - Can be set up in boot.config
    "memorysetup-bucket-allocator-granularity=16"
    "memorysetup-bucket-allocator-bucket-count=8"
    "memorysetup-bucket-allocator-block-size=33554432"
    "memorysetup-bucket-allocator-block-count=8"
    "memorysetup-main-allocator-block-size=16777216"
    "memorysetup-thread-allocator-block-size=16777216"
    "memorysetup-gfx-main-allocator-block-size=16777216"
    "memorysetup-gfx-thread-allocator-block-size=16777216"
    "memorysetup-cache-allocator-block-size=4194304"
    "memorysetup-typetree-allocator-block-size=2097152"
    "memorysetup-profiler-bucket-allocator-granularity=16"
    "memorysetup-profiler-bucket-allocator-bucket-count=8"
    "memorysetup-profiler-bucket-allocator-block-size=33554432"
    "memorysetup-profiler-bucket-allocator-block-count=8"
    "memorysetup-profiler-allocator-block-size=16777216"
    "memorysetup-profiler-editor-allocator-block-size=1048576"
    "memorysetup-temp-allocator-size-main=16777216"
    "memorysetup-job-temp-allocator-block-size=2097152"
    "memorysetup-job-temp-allocator-block-size-background=1048576"
    "memorysetup-job-temp-allocator-reduction-small-platforms=262144"
    "memorysetup-allocator-temp-initial-block-size-main=262144"
    "memorysetup-allocator-temp-initial-block-size-worker=262144"
    "memorysetup-temp-allocator-size-background-worker=32768"
    "memorysetup-temp-allocator-size-job-worker=262144"
    "memorysetup-temp-allocator-size-preload-manager=33554432"
    "memorysetup-temp-allocator-size-nav-mesh-worker=65536"
    "memorysetup-temp-allocator-size-audio-worker=65536"
    "memorysetup-temp-allocator-size-cloud-worker=32768"
    "memorysetup-temp-allocator-size-gi-baking-worker=262144"
    "memorysetup-temp-allocator-size-gfx=262144"
Player connection [31344]  Target information:

Player connection [31344]  * "[IP] 10.48.100.201 [Port] 0 [Flags] 2 [Guid] 2958101005 [EditorId] 2958101005 [Version] 1048832 [Id] WindowsEditor(7,DESKTOP-ON7T0LI) [Debug] 1 [PackageName] WindowsEditor [ProjectName] Editor" 

Player connection [31344] Host joined multi-casting on [225.0.0.222:54997]...
Player connection [31344] Host joined alternative multi-casting on [225.0.0.222:34997]...
[PhysX] Initialized MultithreadedTaskDispatcher with 16 workers.
Refreshing native plugins compatible for Editor in 26.37 ms, found 3 plugins.
Preloading 0 native plugins for Editor in 0.00 ms.
Initialize engine version: 2022.3.48f1 (8bf49c377ebf)
[Subsystems] Discovering subsystems at path C:/Program Files/Unity/Hub/Editor/2022.3.48f1/Editor/Data/Resources/UnitySubsystems
[Subsystems] Discovering subsystems at path C:/Dev/MMG_CRPG/MMG_CRPG/Client/Assets
GfxDevice: creating device client; threaded=0; jobified=0
Direct3D:
    Version:  Direct3D 11.0 [level 11.1]
    Renderer: NVIDIA GeForce RTX 4060 Laptop GPU (ID=0x28a0)
    Vendor:   NVIDIA
    VRAM:     7957 MB
    Driver:   32.0.15.6614
Initialize mono
Mono path[0] = 'C:/Program Files/Unity/Hub/Editor/2022.3.48f1/Editor/Data/Managed'
Mono path[1] = 'C:/Program Files/Unity/Hub/Editor/2022.3.48f1/Editor/Data/MonoBleedingEdge/lib/mono/unityjit-win32'
Mono config path = 'C:/Program Files/Unity/Hub/Editor/2022.3.48f1/Editor/Data/MonoBleedingEdge/etc'
Using monoOptions --debugger-agent=transport=dt_socket,embedding=1,server=y,suspend=n,address=127.0.0.1:56792
Begin MonoManager ReloadAssembly
Registering precompiled unity dll's ...
Register platform support module: C:/Program Files/Unity/Hub/Editor/2022.3.48f1/Editor/Data/PlaybackEngines/WebGLSupport/UnityEditor.WebGL.Extensions.dll
Register platform support module: C:/Program Files/Unity/Hub/Editor/2022.3.48f1/Editor/Data/PlaybackEngines/AndroidPlayer/UnityEditor.Android.Extensions.dll
Register platform support module: C:/Program Files/Unity/Hub/Editor/2022.3.48f1/Editor/Data/PlaybackEngines/WindowsStandaloneSupport/UnityEditor.WindowsStandalone.Extensions.dll
Registered in 0.028355 seconds.
- Loaded All Assemblies, in  0.408 seconds
Native extension for WindowsStandalone target not found
Native extension for Android target not found
CommandWithNoStdoutInvokationFailure: Unable to start ADB server. Please make sure the Android SDK is installed and is properly configured in the Editor. See the Console for more details.
  at UnityEditor.Android.Command.RunWithShellExecute (System.String command, System.String args, System.String workingdir, System.String errorMsg) [0x00060] in <14c105c075cc476dbaa5453f1432a3a4>:0 
  at UnityEditor.Android.ADB.StartServer () [0x00013] in <14c105c075cc476dbaa5453f1432a3a4>:0 
  at UnityEditor.Android.ADB.Run (System.String[] command, UnityEditor.Android.Command+WaitingForProcessToExit waitingForProcessToExit, System.String errorMsg) [0x0000b] in <14c105c075cc476dbaa5453f1432a3a4>:0 
  at UnityEditor.Android.AndroidDeploymentTargetsExtension.GetKnownTargets (UnityEditor.DeploymentTargets.IDeploymentTargetsMainThreadContext context, UnityEditor.ProgressHandler progressHandler) [0x002ae] in <14c105c075cc476dbaa5453f1432a3a4>:0 
  at UnityEditor.Android.TargetScanWorker.ScanSync () [0x00049] in <14c105c075cc476dbaa5453f1432a3a4>:0 
  at UnityEditor.Android.TargetExtension.OnUsbDevicesChanged (UnityEditor.Hardware.UsbDevice[] usbDevices) [0x00087] in <14c105c075cc476dbaa5453f1432a3a4>:0 
  at UnityEditor.Android.TargetExtension.OnLoad () [0x000b4] in <14c105c075cc476dbaa5453f1432a3a4>:0 
  at UnityEditor.Modules.ModuleManager.InitializePlatformSupportModules () [0x0009d] in <c65182fde1c949058fff90b2b18f4f75>:0 

Mono: successfully reloaded assembly
- Finished resetting the current domain, in  0.411 seconds
Domain Reload Profiling: 813ms
	BeginReloadAssembly (135ms)
		ExecutionOrderSort (0ms)
		DisableScriptedObjects (0ms)
		BackupInstance (0ms)
		ReleaseScriptingObjects (0ms)
		CreateAndSetChildDomain (1ms)
	RebuildCommonClasses (30ms)
	RebuildNativeTypeToScriptingClass (7ms)
	initialDomainReloadingComplete (83ms)
	LoadAllAssembliesAndSetupDomain (146ms)
		LoadAssemblies (131ms)
		RebuildTransferFunctionScriptingTraits (0ms)
		AnalyzeDomain (142ms)
			TypeCache.Refresh (140ms)
				TypeCache.ScanAssembly (126ms)
			ScanForSourceGeneratedMonoScriptInfo (0ms)
			ResolveRequiredComponents (0ms)
	FinalizeReload (411ms)
		ReleaseScriptCaches (0ms)
		RebuildScriptCaches (0ms)
		SetupLoadedEditorAssemblies (375ms)
			LogAssemblyErrors (0ms)
			InitializePlatformSupportModulesInManaged (240ms)
			SetLoadedEditorAssemblies (4ms)
			RefreshPlugins (0ms)
			BeforeProcessingInitializeOnLoad (2ms)
			ProcessInitializeOnLoadAttributes (92ms)
			ProcessInitializeOnLoadMethodAttributes (37ms)
			AfterProcessingInitializeOnLoad (0ms)
			EditorAssembliesLoaded (0ms)
		ExecutionOrderSort2 (0ms)
		AwakeInstancesAfterBackupRestoration (0ms)
========================================================================
Worker process is ready to serve import requests
Caller must complete domain reload
Begin MonoManager ReloadAssembly
- Loaded All Assemblies, in  0.688 seconds
Native extension for WindowsStandalone target not found
Native extension for Android target not found
Native extension for WebGL target not found
Mono: successfully reloaded assembly
- Finished resetting the current domain, in  0.821 seconds
Domain Reload Profiling: 1504ms
	BeginReloadAssembly (123ms)
		ExecutionOrderSort (0ms)
		DisableScriptedObjects (3ms)
		BackupInstance (0ms)
		ReleaseScriptingObjects (0ms)
		CreateAndSetChildDomain (14ms)
	RebuildCommonClasses (29ms)
	RebuildNativeTypeToScriptingClass (7ms)
	initialDomainReloadingComplete (45ms)
	LoadAllAssembliesAndSetupDomain (479ms)
		LoadAssemblies (394ms)
		RebuildTransferFunctionScriptingTraits (0ms)
		AnalyzeDomain (165ms)
			TypeCache.Refresh (147ms)
				TypeCache.ScanAssembly (135ms)
			ScanForSourceGeneratedMonoScriptInfo (13ms)
			ResolveRequiredComponents (4ms)
	FinalizeReload (821ms)
		ReleaseScriptCaches (0ms)
		RebuildScriptCaches (0ms)
		SetupLoadedEditorAssemblies (715ms)
			LogAssemblyErrors (0ms)
			InitializePlatformSupportModulesInManaged (23ms)
			SetLoadedEditorAssemblies (4ms)
			RefreshPlugins (0ms)
			BeforeProcessingInitializeOnLoad (110ms)
			ProcessInitializeOnLoadAttributes (548ms)
			ProcessInitializeOnLoadMethodAttributes (19ms)
			AfterProcessingInitializeOnLoad (13ms)
			EditorAssembliesLoaded (0ms)
		ExecutionOrderSort2 (0ms)
		AwakeInstancesAfterBackupRestoration (7ms)
Launched and connected shader compiler UnityShaderCompiler.exe after 0.05 seconds
Refreshing native plugins compatible for Editor in 7.28 ms, found 3 plugins.
Preloading 0 native plugins for Editor in 0.00 ms.
Unloading 4359 Unused Serialized files (Serialized files now loaded: 0)
Unloading 36 unused Assets / (1.9 MB). Loaded Objects now: 4822.
Memory consumption went from 184.9 MB to 183.1 MB.
Total: 2.590000 ms (FindLiveObjects: 0.162800 ms CreateObjectMapping: 0.065600 ms MarkObjects: 2.106800 ms  DeleteObjects: 0.254000 ms)

AssetImportParameters requested are different than current active one (requested -> active):
  custom:container-demuxer-ogg: 62fdf1f143b41e24485cea50d1cbac27 -> 
  custom:video-codec-MediaFoundation-h265: 746d11721c4dcdbdad8f713fa42b33f4 -> 
  custom:video-decoder-ogg-theora: a1e56fd34408186e4bbccfd4996cb3dc -> 
  custom:framework-win-MediaFoundation: 216162199b28c13a410421893ffa2e32 -> 
  custom:CustomObjectIndexerAttribute: 9a22284fe3817be447336de3de66b15e -> 
  custom:container-demuxer-webm: 4f35f7cbe854078d1ac9338744f61a02 -> 
  custom:container-muxer-webm: aa71ff27fc2769a1b78a27578f13a17b -> 
  custom:video-decoder-webm-vp8: 9c59270c3fd7afecdb556c50c9e8de78 -> 
  custom:SearchIndexIgnoredProperties: e643bd26f0fe6173181afceb89e7c659 -> 
  custom:AudioImporter_EditorPlatform: d09bf68614088b80899f8185d706f6e7 -> 
  custom:video-encoder-webm-vp8: eb34c28f22e8b96e1ab97ce403110664 -> 
  custom:audio-decoder-ogg-vorbis: bf7c407c2cedff20999df2af8eb42d56 -> 
  custom:audio-encoder-webm-vorbis: bf7c407c2cedff20999df2af8eb42d56 -> 
========================================================================
Received Import Request.
  Time since last request: 1116772.270441 seconds.
  path: Assets/ExternalAsset/RPGTinyHeroWavePBR/Prefab/MaskTintCharacters/MaskTint01.prefab
  artifactKey: Guid(57afc98a9486fd94db1965e854a296e9) Importer(815301076,1909f56bfc062723c751e8b465ee728b)
Start importing Assets/ExternalAsset/RPGTinyHeroWavePBR/Prefab/MaskTintCharacters/MaskTint01.prefab using Guid(57afc98a9486fd94db1965e854a296e9) Importer(815301076,1909f56bfc062723c751e8b465ee728b) [PhysX] Initialized MultithreadedTaskDispatcher with 16 workers.
[PhysX] Initialized MultithreadedTaskDispatcher with 16 workers.
 -> (artifact id: '08696e76b6ebe7ea15a4e5f45f3f42b7') in 0.466974 seconds
Number of updated asset objects reloaded before import = 0
Number of asset objects unloaded after import = 2467
========================================================================
Received Import Request.
  Time since last request: 0.449072 seconds.
  path: Assets/ExternalAsset/RPGTinyHeroWavePBR/Prefab/ModularCharacters/MC02.prefab
  artifactKey: Guid(bf3896d80b06b09488a4c98cd6d5d851) Importer(815301076,1909f56bfc062723c751e8b465ee728b)
Start importing Assets/ExternalAsset/RPGTinyHeroWavePBR/Prefab/ModularCharacters/MC02.prefab using Guid(bf3896d80b06b09488a4c98cd6d5d851) Importer(815301076,1909f56bfc062723c751e8b465ee728b) [PhysX] Initialized MultithreadedTaskDispatcher with 16 workers.
[PhysX] Initialized MultithreadedTaskDispatcher with 16 workers.
 -> (artifact id: '99bbc970fdde96c4b94a5b078d1755cf') in 0.330592 seconds
Number of updated asset objects reloaded before import = 0
Number of asset objects unloaded after import = 2461
========================================================================
Received Import Request.
  Time since last request: 0.000020 seconds.
  path: Assets/ExternalAsset/RPGTinyHeroWavePBR/Prefab/ModularCharacters/MC10.prefab
  artifactKey: Guid(83f7ca65d3460ff4a8880ae0ff2db680) Importer(815301076,1909f56bfc062723c751e8b465ee728b)
Start importing Assets/ExternalAsset/RPGTinyHeroWavePBR/Prefab/ModularCharacters/MC10.prefab using Guid(83f7ca65d3460ff4a8880ae0ff2db680) Importer(815301076,1909f56bfc062723c751e8b465ee728b) [PhysX] Initialized MultithreadedTaskDispatcher with 16 workers.
[PhysX] Initialized MultithreadedTaskDispatcher with 16 workers.
 -> (artifact id: 'a2c1c83e5bde83ad87439fd53763f9ef') in 0.378692 seconds
Number of updated asset objects reloaded before import = 0
Number of asset objects unloaded after import = 2462
========================================================================
Received Import Request.
  Time since last request: 0.000029 seconds.
  path: Assets/ExternalAsset/RPGTinyHeroWavePBR/Prefab/ModularCharacters/MC12.prefab
  artifactKey: Guid(a7cb98eb096d7d649925415cc8648e2a) Importer(815301076,1909f56bfc062723c751e8b465ee728b)
Start importing Assets/ExternalAsset/RPGTinyHeroWavePBR/Prefab/ModularCharacters/MC12.prefab using Guid(a7cb98eb096d7d649925415cc8648e2a) Importer(815301076,1909f56bfc062723c751e8b465ee728b) [PhysX] Initialized MultithreadedTaskDispatcher with 16 workers.
[PhysX] Initialized MultithreadedTaskDispatcher with 16 workers.
 -> (artifact id: '5bd4deea1f1a9d6d4d16b545eea5a11a') in 0.169631 seconds
Number of updated asset objects reloaded before import = 0
Number of asset objects unloaded after import = 1363
========================================================================
Received Import Request.
  Time since last request: 0.000020 seconds.
  path: Assets/ExternalAsset/RPGTinyHeroWavePBR/Prefab/ModularCharacters/MC21.prefab
  artifactKey: Guid(86ebe045344c04b45b80dec820d85bed) Importer(815301076,1909f56bfc062723c751e8b465ee728b)
Start importing Assets/ExternalAsset/RPGTinyHeroWavePBR/Prefab/ModularCharacters/MC21.prefab using Guid(86ebe045344c04b45b80dec820d85bed) Importer(815301076,1909f56bfc062723c751e8b465ee728b) [PhysX] Initialized MultithreadedTaskDispatcher with 16 workers.
[PhysX] Initialized MultithreadedTaskDispatcher with 16 workers.
 -> (artifact id: '58faa2dc992490caf863a2ecfa2e3fe6') in 0.179140 seconds
Number of updated asset objects reloaded before import = 0
Number of asset objects unloaded after import = 1363
========================================================================
Received Import Request.
  Time since last request: 0.000020 seconds.
  path: Assets/ExternalAsset/RPGTinyHeroWavePBR/Prefab/ModularCharacters/MC17.prefab
  artifactKey: Guid(790c0063f15b923429c6d3ee96604ec5) Importer(815301076,1909f56bfc062723c751e8b465ee728b)
Start importing Assets/ExternalAsset/RPGTinyHeroWavePBR/Prefab/ModularCharacters/MC17.prefab using Guid(790c0063f15b923429c6d3ee96604ec5) Importer(815301076,1909f56bfc062723c751e8b465ee728b) [PhysX] Initialized MultithreadedTaskDispatcher with 16 workers.
[PhysX] Initialized MultithreadedTaskDispatcher with 16 workers.
 -> (artifact id: '518b8d2c4fa37f5d31062308222bf008') in 0.172036 seconds
Number of updated asset objects reloaded before import = 0
Number of asset objects unloaded after import = 1363
========================================================================
Received Import Request.
  Time since last request: 0.000028 seconds.
  path: Assets/ExternalAsset/RPGTinyHeroWavePBR/Prefab/ModularCharacters/MC23.prefab
  artifactKey: Guid(b3e4a5be89752294fbeefb94891ece07) Importer(815301076,1909f56bfc062723c751e8b465ee728b)
Start importing Assets/ExternalAsset/RPGTinyHeroWavePBR/Prefab/ModularCharacters/MC23.prefab using Guid(b3e4a5be89752294fbeefb94891ece07) Importer(815301076,1909f56bfc062723c751e8b465ee728b) [PhysX] Initialized MultithreadedTaskDispatcher with 16 workers.
[PhysX] Initialized MultithreadedTaskDispatcher with 16 workers.
 -> (artifact id: '5532a015879c3166f8dc9261a6e3af37') in 0.272321 seconds
Number of updated asset objects reloaded before import = 0
Number of asset objects unloaded after import = 2471
========================================================================
Received Import Request.
  Time since last request: 2.766189 seconds.
  path: Assets/ExternalAsset/RPGTinyHeroWavePBR/Prefab/Weapons/Arrows.prefab
  artifactKey: Guid(7591ff249d4d6f84c9f356a99eca71e2) Importer(815301076,1909f56bfc062723c751e8b465ee728b)
Start importing Assets/ExternalAsset/RPGTinyHeroWavePBR/Prefab/Weapons/Arrows.prefab using Guid(7591ff249d4d6f84c9f356a99eca71e2) Importer(815301076,1909f56bfc062723c751e8b465ee728b) [PhysX] Initialized MultithreadedTaskDispatcher with 16 workers.
[PhysX] Initialized MultithreadedTaskDispatcher with 16 workers.
 -> (artifact id: 'ff7ea44d58da92696cadee2cf911ba7c') in 0.092999 seconds
Number of updated asset objects reloaded before import = 0
Number of asset objects unloaded after import = 64
========================================================================
Received Import Request.
  Time since last request: 0.000088 seconds.
  path: Assets/ExternalAsset/RPGTinyHeroWavePBR/Prefab/Weapons/Shield06.prefab
  artifactKey: Guid(651d541c8c80fb54b94e87dffb0905d0) Importer(815301076,1909f56bfc062723c751e8b465ee728b)
Start importing Assets/ExternalAsset/RPGTinyHeroWavePBR/Prefab/Weapons/Shield06.prefab using Guid(651d541c8c80fb54b94e87dffb0905d0) Importer(815301076,1909f56bfc062723c751e8b465ee728b) [PhysX] Initialized MultithreadedTaskDispatcher with 16 workers.
[PhysX] Initialized MultithreadedTaskDispatcher with 16 workers.
 -> (artifact id: '1f19f9787072708e445a276ff89f85d0') in 0.054815 seconds
Number of updated asset objects reloaded before import = 0
Number of asset objects unloaded after import = 11
========================================================================
Received Import Request.
  Time since last request: 0.000023 seconds.
  path: Assets/ExternalAsset/RPGTinyHeroWavePBR/Prefab/Weapons/OHS16_Sword.prefab
  artifactKey: Guid(ae7cbf81781c2ca4b802f49ac688d50d) Importer(815301076,1909f56bfc062723c751e8b465ee728b)
Start importing Assets/ExternalAsset/RPGTinyHeroWavePBR/Prefab/Weapons/OHS16_Sword.prefab using Guid(ae7cbf81781c2ca4b802f49ac688d50d) Importer(815301076,1909f56bfc062723c751e8b465ee728b) [PhysX] Initialized MultithreadedTaskDispatcher with 16 workers.
[PhysX] Initialized MultithreadedTaskDispatcher with 16 workers.
 -> (artifact id: '774db0b429f6c4227574074187a85365') in 0.022883 seconds
Number of updated asset objects reloaded before import = 0
Number of asset objects unloaded after import = 11
========================================================================
Received Import Request.
  Time since last request: 0.000018 seconds.
  path: Assets/ExternalAsset/RPGTinyHeroWavePBR/Prefab/Weapons/Shield04.prefab
  artifactKey: Guid(ad0e27f453114d24288c0744517db918) Importer(815301076,1909f56bfc062723c751e8b465ee728b)
Start importing Assets/ExternalAsset/RPGTinyHeroWavePBR/Prefab/Weapons/Shield04.prefab using Guid(ad0e27f453114d24288c0744517db918) Importer(815301076,1909f56bfc062723c751e8b465ee728b) [PhysX] Initialized MultithreadedTaskDispatcher with 16 workers.
[PhysX] Initialized MultithreadedTaskDispatcher with 16 workers.
 -> (artifact id: '20a71fcdde8d64e39d37baf85d2abd1d') in 0.031007 seconds
Number of updated asset objects reloaded before import = 0
Number of asset objects unloaded after import = 11
========================================================================
Received Import Request.
  Time since last request: 0.000022 seconds.
  path: Assets/ExternalAsset/RPGTinyHeroWavePBR/Prefab/Weapons/Shield08.prefab
  artifactKey: Guid(ef949616e200c274db11ba6a2515c9ba) Importer(815301076,1909f56bfc062723c751e8b465ee728b)
Start importing Assets/ExternalAsset/RPGTinyHeroWavePBR/Prefab/Weapons/Shield08.prefab using Guid(ef949616e200c274db11ba6a2515c9ba) Importer(815301076,1909f56bfc062723c751e8b465ee728b) [PhysX] Initialized MultithreadedTaskDispatcher with 16 workers.
[PhysX] Initialized MultithreadedTaskDispatcher with 16 workers.
 -> (artifact id: 'c0be8c9cd610bc98c13c40fbfc5a7489') in 0.029970 seconds
Number of updated asset objects reloaded before import = 0
Number of asset objects unloaded after import = 11
========================================================================
Received Import Request.
  Time since last request: 0.000016 seconds.
  path: Assets/ExternalAsset/RPGTinyHeroWavePBR/Prefab/Weapons/Shield10.prefab
  artifactKey: Guid(6bb9e44734da777488ebac02b7fbf97a) Importer(815301076,1909f56bfc062723c751e8b465ee728b)
Start importing Assets/ExternalAsset/RPGTinyHeroWavePBR/Prefab/Weapons/Shield10.prefab using Guid(6bb9e44734da777488ebac02b7fbf97a) Importer(815301076,1909f56bfc062723c751e8b465ee728b) [PhysX] Initialized MultithreadedTaskDispatcher with 16 workers.
[PhysX] Initialized MultithreadedTaskDispatcher with 16 workers.
 -> (artifact id: 'cb716f978a62b224672048b8147444ac') in 0.034060 seconds
Number of updated asset objects reloaded before import = 0
Number of asset objects unloaded after import = 11
========================================================================
Received Import Request.
  Time since last request: 0.000012 seconds.
  path: Assets/ExternalAsset/RPGTinyHeroWavePBR/Prefab/Weapons/OHS12_Sword.prefab
  artifactKey: Guid(0837e0393543c044884ee117532f6ada) Importer(815301076,1909f56bfc062723c751e8b465ee728b)
Start importing Assets/ExternalAsset/RPGTinyHeroWavePBR/Prefab/Weapons/OHS12_Sword.prefab using Guid(0837e0393543c044884ee117532f6ada) Importer(815301076,1909f56bfc062723c751e8b465ee728b) [PhysX] Initialized MultithreadedTaskDispatcher with 16 workers.
[PhysX] Initialized MultithreadedTaskDispatcher with 16 workers.
 -> (artifact id: 'bd1eb0b963634151b8ec35141d1fc161') in 0.025907 seconds
Number of updated asset objects reloaded before import = 0
Number of asset objects unloaded after import = 11
========================================================================
Received Import Request.
  Time since last request: 0.618969 seconds.
  path: Assets/ExternalAsset/RPGTinyHeroWavePBR/Mesh/HeadParts/AC01_Heart.fbx
  artifactKey: Guid(9fe6a567360eb824ab9f7d0744908ed7) Importer(815301076,1909f56bfc062723c751e8b465ee728b)
Start importing Assets/ExternalAsset/RPGTinyHeroWavePBR/Mesh/HeadParts/AC01_Heart.fbx using Guid(9fe6a567360eb824ab9f7d0744908ed7) Importer(815301076,1909f56bfc062723c751e8b465ee728b) [PhysX] Initialized MultithreadedTaskDispatcher with 16 workers.
[PhysX] Initialized MultithreadedTaskDispatcher with 16 workers.
[PhysX] Initialized MultithreadedTaskDispatcher with 16 workers.
 -> (artifact id: '2ec5485028c1997dd3d8cfb7d5c2acee') in 0.071616 seconds
Number of updated asset objects reloaded before import = 0
Number of asset objects unloaded after import = 7
========================================================================
Received Import Request.
  Time since last request: 0.000037 seconds.
  path: Assets/ExternalAsset/RPGTinyHeroWavePBR/Mesh/HeadParts/AC09_Ribbon.fbx
  artifactKey: Guid(bb2a593861c80e6438f5a38619e28b9d) Importer(815301076,1909f56bfc062723c751e8b465ee728b)
Start importing Assets/ExternalAsset/RPGTinyHeroWavePBR/Mesh/HeadParts/AC09_Ribbon.fbx using Guid(bb2a593861c80e6438f5a38619e28b9d) Importer(815301076,1909f56bfc062723c751e8b465ee728b) [PhysX] Initialized MultithreadedTaskDispatcher with 16 workers.
[PhysX] Initialized MultithreadedTaskDispatcher with 16 workers.
[PhysX] Initialized MultithreadedTaskDispatcher with 16 workers.
 -> (artifact id: 'e1db9c25e0da1f883ab4ea9c40c52b1d') in 0.055996 seconds
Number of updated asset objects reloaded before import = 0
Number of asset objects unloaded after import = 7
========================================================================
Received Import Request.
  Time since last request: 0.000033 seconds.
  path: Assets/ExternalAsset/RPGTinyHeroWavePBR/Mesh/HeadParts/AC04_AnthenaEars.fbx
  artifactKey: Guid(f67abd7ce9c73ab42951096a0162c888) Importer(815301076,1909f56bfc062723c751e8b465ee728b)
Start importing Assets/ExternalAsset/RPGTinyHeroWavePBR/Mesh/HeadParts/AC04_AnthenaEars.fbx using Guid(f67abd7ce9c73ab42951096a0162c888) Importer(815301076,1909f56bfc062723c751e8b465ee728b) [PhysX] Initialized MultithreadedTaskDispatcher with 16 workers.
[PhysX] Initialized MultithreadedTaskDispatcher with 16 workers.
[PhysX] Initialized MultithreadedTaskDispatcher with 16 workers.
 -> (artifact id: '4788dc759c0111fa9637deb203025ae5') in 0.034149 seconds
Number of updated asset objects reloaded before import = 0
Number of asset objects unloaded after import = 7
========================================================================
Received Import Request.
  Time since last request: 0.000069 seconds.
  path: Assets/ExternalAsset/RPGTinyHeroWavePBR/Mesh/HeadParts/AC05_Horn03.fbx
  artifactKey: Guid(cadec91cd7525db4e8ef6ec7d86bbb33) Importer(815301076,1909f56bfc062723c751e8b465ee728b)
Start importing Assets/ExternalAsset/RPGTinyHeroWavePBR/Mesh/HeadParts/AC05_Horn03.fbx using Guid(cadec91cd7525db4e8ef6ec7d86bbb33) Importer(815301076,1909f56bfc062723c751e8b465ee728b) [PhysX] Initialized MultithreadedTaskDispatcher with 16 workers.
[PhysX] Initialized MultithreadedTaskDispatcher with 16 workers.
[PhysX] Initialized MultithreadedTaskDispatcher with 16 workers.
 -> (artifact id: '55f0d47b3bec52249317d9a5f3139c15') in 0.053430 seconds
Number of updated asset objects reloaded before import = 0
Number of asset objects unloaded after import = 7
========================================================================
Received Import Request.
  Time since last request: 0.000014 seconds.
  path: Assets/ExternalAsset/RPGTinyHeroWavePBR/Mesh/HeadParts/AC05_Horn01.fbx
  artifactKey: Guid(a043796a1ea136541ac551116cf85a53) Importer(815301076,1909f56bfc062723c751e8b465ee728b)
Start importing Assets/ExternalAsset/RPGTinyHeroWavePBR/Mesh/HeadParts/AC05_Horn01.fbx using Guid(a043796a1ea136541ac551116cf85a53) Importer(815301076,1909f56bfc062723c751e8b465ee728b) [PhysX] Initialized MultithreadedTaskDispatcher with 16 workers.
[PhysX] Initialized MultithreadedTaskDispatcher with 16 workers.
[PhysX] Initialized MultithreadedTaskDispatcher with 16 workers.
 -> (artifact id: '0334b223617e517ae8c2ccf7d71cc499') in 0.038153 seconds
Number of updated asset objects reloaded before import = 0
Number of asset objects unloaded after import = 7
========================================================================
Received Import Request.
  Time since last request: 0.000021 seconds.
  path: Assets/ExternalAsset/RPGTinyHeroWavePBR/Mesh/HeadParts/AC06_Crown03.fbx
  artifactKey: Guid(84149c85eab16e0479410fad30a4147a) Importer(815301076,1909f56bfc062723c751e8b465ee728b)
Start importing Assets/ExternalAsset/RPGTinyHeroWavePBR/Mesh/HeadParts/AC06_Crown03.fbx using Guid(84149c85eab16e0479410fad30a4147a) Importer(815301076,1909f56bfc062723c751e8b465ee728b) [PhysX] Initialized MultithreadedTaskDispatcher with 16 workers.
[PhysX] Initialized MultithreadedTaskDispatcher with 16 workers.
[PhysX] Initialized MultithreadedTaskDispatcher with 16 workers.
 -> (artifact id: '33308b2a9c65775144b025a25070a732') in 0.026455 seconds
Number of updated asset objects reloaded before import = 0
Number of asset objects unloaded after import = 7
========================================================================
Received Import Request.
  Time since last request: 1.541337 seconds.
  path: Assets/ExternalAsset/RPGTinyHeroWavePBR/Mesh/HeadParts/AC10_Mustache02.fbx
  artifactKey: Guid(cc73cc829501fad40a5aa25d09896002) Importer(815301076,1909f56bfc062723c751e8b465ee728b)
Start importing Assets/ExternalAsset/RPGTinyHeroWavePBR/Mesh/HeadParts/AC10_Mustache02.fbx using Guid(cc73cc829501fad40a5aa25d09896002) Importer(815301076,1909f56bfc062723c751e8b465ee728b) [PhysX] Initialized MultithreadedTaskDispatcher with 16 workers.
[PhysX] Initialized MultithreadedTaskDispatcher with 16 workers.
[PhysX] Initialized MultithreadedTaskDispatcher with 16 workers.
 -> (artifact id: 'ad7a1138722f05066a67d956a6415c49') in 0.026251 seconds
Number of updated asset objects reloaded before import = 0
Number of asset objects unloaded after import = 7
========================================================================
Received Import Request.
  Time since last request: 0.000027 seconds.
  path: Assets/ExternalAsset/RPGTinyHeroWavePBR/Mesh/HeadParts/AC10_Mustache06.fbx
  artifactKey: Guid(93ed7230a621a1d4a9850d04da257ec8) Importer(815301076,1909f56bfc062723c751e8b465ee728b)
Start importing Assets/ExternalAsset/RPGTinyHeroWavePBR/Mesh/HeadParts/AC10_Mustache06.fbx using Guid(93ed7230a621a1d4a9850d04da257ec8) Importer(815301076,1909f56bfc062723c751e8b465ee728b) [PhysX] Initialized MultithreadedTaskDispatcher with 16 workers.
[PhysX] Initialized MultithreadedTaskDispatcher with 16 workers.
[PhysX] Initialized MultithreadedTaskDispatcher with 16 workers.
 -> (artifact id: 'bb9831ba8e3d88fc33a1de523b628852') in 0.028071 seconds
Number of updated asset objects reloaded before import = 0
Number of asset objects unloaded after import = 7
========================================================================
Received Import Request.
  Time since last request: 0.000017 seconds.
  path: Assets/ExternalAsset/RPGTinyHeroWavePBR/Mesh/HeadParts/AC11_Mustache04.fbx
  artifactKey: Guid(61fb4ad7e2a829940afb01a292986b55) Importer(815301076,1909f56bfc062723c751e8b465ee728b)
Start importing Assets/ExternalAsset/RPGTinyHeroWavePBR/Mesh/HeadParts/AC11_Mustache04.fbx using Guid(61fb4ad7e2a829940afb01a292986b55) Importer(815301076,1909f56bfc062723c751e8b465ee728b) [PhysX] Initialized MultithreadedTaskDispatcher with 16 workers.
[PhysX] Initialized MultithreadedTaskDispatcher with 16 workers.
[PhysX] Initialized MultithreadedTaskDispatcher with 16 workers.
 -> (artifact id: 'a366a27cef239ac4323c06a8947e4850') in 0.023699 seconds
Number of updated asset objects reloaded before import = 0
Number of asset objects unloaded after import = 7
========================================================================
Received Import Request.
  Time since last request: 0.215247 seconds.
  path: Assets/ExternalAsset/RPGTinyHeroWavePBR/Mesh/HeadParts/AC11_Mustache05.fbx
  artifactKey: Guid(ad233e5bc6c7f2042b2f5f1cf260d3b3) Importer(815301076,1909f56bfc062723c751e8b465ee728b)
Start importing Assets/ExternalAsset/RPGTinyHeroWavePBR/Mesh/HeadParts/AC11_Mustache05.fbx using Guid(ad233e5bc6c7f2042b2f5f1cf260d3b3) Importer(815301076,1909f56bfc062723c751e8b465ee728b) [PhysX] Initialized MultithreadedTaskDispatcher with 16 workers.
[PhysX] Initialized MultithreadedTaskDispatcher with 16 workers.
[PhysX] Initialized MultithreadedTaskDispatcher with 16 workers.
 -> (artifact id: 'cab5e2548b2811774891b29575070425') in 0.105369 seconds
Number of updated asset objects reloaded before import = 0
Number of asset objects unloaded after import = 7
========================================================================
Received Import Request.
  Time since last request: 0.000197 seconds.
  path: Assets/ExternalAsset/RPGTinyHeroWavePBR/Mesh/HeadParts/Eye07.fbx
  artifactKey: Guid(a0ce7f6243ad73542934410a85bf1bc6) Importer(815301076,1909f56bfc062723c751e8b465ee728b)
Start importing Assets/ExternalAsset/RPGTinyHeroWavePBR/Mesh/HeadParts/Eye07.fbx using Guid(a0ce7f6243ad73542934410a85bf1bc6) Importer(815301076,1909f56bfc062723c751e8b465ee728b) [PhysX] Initialized MultithreadedTaskDispatcher with 16 workers.
[PhysX] Initialized MultithreadedTaskDispatcher with 16 workers.
[PhysX] Initialized MultithreadedTaskDispatcher with 16 workers.
 -> (artifact id: '56c894cf7db950f23a3a0b7c199098fa') in 0.046410 seconds
Number of updated asset objects reloaded before import = 0
Number of asset objects unloaded after import = 7
========================================================================
Received Import Request.
  Time since last request: 0.000057 seconds.
  path: Assets/ExternalAsset/RPGTinyHeroWavePBR/Mesh/HeadParts/BackPack03.fbx
  artifactKey: Guid(1cca055112103714b90eec0069112df8) Importer(815301076,1909f56bfc062723c751e8b465ee728b)
Start importing Assets/ExternalAsset/RPGTinyHeroWavePBR/Mesh/HeadParts/BackPack03.fbx using Guid(1cca055112103714b90eec0069112df8) Importer(815301076,1909f56bfc062723c751e8b465ee728b) [PhysX] Initialized MultithreadedTaskDispatcher with 16 workers.
[PhysX] Initialized MultithreadedTaskDispatcher with 16 workers.
[PhysX] Initialized MultithreadedTaskDispatcher with 16 workers.
 -> (artifact id: '4566317cef3f2dc24f7360a39f8b9419') in 0.033129 seconds
Number of updated asset objects reloaded before import = 0
Number of asset objects unloaded after import = 7
========================================================================
Received Import Request.
  Time since last request: 0.112726 seconds.
  path: Assets/ExternalAsset/RPGTinyHeroWavePBR/Mesh/HeadParts/Eye08.fbx
  artifactKey: Guid(8db63b91d7b734f4b9685e72eb241b48) Importer(815301076,1909f56bfc062723c751e8b465ee728b)
Start importing Assets/ExternalAsset/RPGTinyHeroWavePBR/Mesh/HeadParts/Eye08.fbx using Guid(8db63b91d7b734f4b9685e72eb241b48) Importer(815301076,1909f56bfc062723c751e8b465ee728b) [PhysX] Initialized MultithreadedTaskDispatcher with 16 workers.
[PhysX] Initialized MultithreadedTaskDispatcher with 16 workers.
[PhysX] Initialized MultithreadedTaskDispatcher with 16 workers.
 -> (artifact id: '7c8cb8ca2a4cd018d3443fcf63682d32') in 0.043518 seconds
Number of updated asset objects reloaded before import = 0
Number of asset objects unloaded after import = 7
========================================================================
Received Import Request.
  Time since last request: 0.000033 seconds.
  path: Assets/ExternalAsset/RPGTinyHeroWavePBR/Mesh/HeadParts/Eye12.fbx
  artifactKey: Guid(b43e421ab79dc6e4eac1382812f15694) Importer(815301076,1909f56bfc062723c751e8b465ee728b)
Start importing Assets/ExternalAsset/RPGTinyHeroWavePBR/Mesh/HeadParts/Eye12.fbx using Guid(b43e421ab79dc6e4eac1382812f15694) Importer(815301076,1909f56bfc062723c751e8b465ee728b) [PhysX] Initialized MultithreadedTaskDispatcher with 16 workers.
[PhysX] Initialized MultithreadedTaskDispatcher with 16 workers.
[PhysX] Initialized MultithreadedTaskDispatcher with 16 workers.
 -> (artifact id: 'e4d4e1d600cc40d71574dc83d4c64e18') in 0.028433 seconds
Number of updated asset objects reloaded before import = 0
Number of asset objects unloaded after import = 7
========================================================================
Received Import Request.
  Time since last request: 0.016212 seconds.
  path: Assets/ExternalAsset/RPGTinyHeroWavePBR/Mesh/HeadParts/Hair03.fbx
  artifactKey: Guid(ef4fc08e49ac95340a6a94e8ddb6dac6) Importer(815301076,1909f56bfc062723c751e8b465ee728b)
Start importing Assets/ExternalAsset/RPGTinyHeroWavePBR/Mesh/HeadParts/Hair03.fbx using Guid(ef4fc08e49ac95340a6a94e8ddb6dac6) Importer(815301076,1909f56bfc062723c751e8b465ee728b) [PhysX] Initialized MultithreadedTaskDispatcher with 16 workers.
[PhysX] Initialized MultithreadedTaskDispatcher with 16 workers.
[PhysX] Initialized MultithreadedTaskDispatcher with 16 workers.
 -> (artifact id: 'c5deaadef0f1e4b16abb9055e6fe455b') in 0.029521 seconds
Number of updated asset objects reloaded before import = 0
Number of asset objects unloaded after import = 7
========================================================================
Received Import Request.
  Time since last request: 0.463442 seconds.
  path: Assets/ExternalAsset/RPGTinyHeroWavePBR/Mesh/HeadParts/Hair06.fbx
  artifactKey: Guid(786a17c75156c8e4786d12f8277be84d) Importer(815301076,1909f56bfc062723c751e8b465ee728b)
Start importing Assets/ExternalAsset/RPGTinyHeroWavePBR/Mesh/HeadParts/Hair06.fbx using Guid(786a17c75156c8e4786d12f8277be84d) Importer(815301076,1909f56bfc062723c751e8b465ee728b) [PhysX] Initialized MultithreadedTaskDispatcher with 16 workers.
[PhysX] Initialized MultithreadedTaskDispatcher with 16 workers.
[PhysX] Initialized MultithreadedTaskDispatcher with 16 workers.
 -> (artifact id: '10c3db7d89ba1ccbf5332a6c1a3a22f7') in 0.053896 seconds
Number of updated asset objects reloaded before import = 0
Number of asset objects unloaded after import = 7
========================================================================
Received Import Request.
  Time since last request: 0.000097 seconds.
  path: Assets/ExternalAsset/RPGTinyHeroWavePBR/Mesh/HeadParts/Hat02.fbx
  artifactKey: Guid(91255d4948965954a9a62f57acad27f3) Importer(815301076,1909f56bfc062723c751e8b465ee728b)
Start importing Assets/ExternalAsset/RPGTinyHeroWavePBR/Mesh/HeadParts/Hat02.fbx using Guid(91255d4948965954a9a62f57acad27f3) Importer(815301076,1909f56bfc062723c751e8b465ee728b) [PhysX] Initialized MultithreadedTaskDispatcher with 16 workers.
[PhysX] Initialized MultithreadedTaskDispatcher with 16 workers.
[PhysX] Initialized MultithreadedTaskDispatcher with 16 workers.
 -> (artifact id: '2d29d8280fe597f4b5e443d1493d0f49') in 0.060788 seconds
Number of updated asset objects reloaded before import = 0
Number of asset objects unloaded after import = 7
========================================================================
Received Import Request.
  Time since last request: 0.000025 seconds.
  path: Assets/ExternalAsset/RPGTinyHeroWavePBR/Mesh/HeadParts/Hat01.fbx
  artifactKey: Guid(1c1da473d2806174d9e358deb5f53324) Importer(815301076,1909f56bfc062723c751e8b465ee728b)
Start importing Assets/ExternalAsset/RPGTinyHeroWavePBR/Mesh/HeadParts/Hat01.fbx using Guid(1c1da473d2806174d9e358deb5f53324) Importer(815301076,1909f56bfc062723c751e8b465ee728b) [PhysX] Initialized MultithreadedTaskDispatcher with 16 workers.
[PhysX] Initialized MultithreadedTaskDispatcher with 16 workers.
[PhysX] Initialized MultithreadedTaskDispatcher with 16 workers.
 -> (artifact id: '51d161df620008fa6f9c3e9c327b5ae8') in 0.037319 seconds
Number of updated asset objects reloaded before import = 0
Number of asset objects unloaded after import = 7
========================================================================
Received Import Request.
  Time since last request: 0.214170 seconds.
  path: Assets/ExternalAsset/RPGTinyHeroWavePBR/Mesh/HeadParts/Hat05.fbx
  artifactKey: Guid(eedd2703a72ef88478ad8154f79ee120) Importer(815301076,1909f56bfc062723c751e8b465ee728b)
Start importing Assets/ExternalAsset/RPGTinyHeroWavePBR/Mesh/HeadParts/Hat05.fbx using Guid(eedd2703a72ef88478ad8154f79ee120) Importer(815301076,1909f56bfc062723c751e8b465ee728b) [PhysX] Initialized MultithreadedTaskDispatcher with 16 workers.
[PhysX] Initialized MultithreadedTaskDispatcher with 16 workers.
[PhysX] Initialized MultithreadedTaskDispatcher with 16 workers.
 -> (artifact id: '4f524eea74f0289fca218e8b543b2580') in 0.084113 seconds
Number of updated asset objects reloaded before import = 0
Number of asset objects unloaded after import = 7
========================================================================
Received Import Request.
  Time since last request: 0.000021 seconds.
  path: Assets/ExternalAsset/RPGTinyHeroWavePBR/Mesh/HeadParts/Hat12.fbx
  artifactKey: Guid(8c13d4d77c8f0f34ca464874f24a7493) Importer(815301076,1909f56bfc062723c751e8b465ee728b)
Start importing Assets/ExternalAsset/RPGTinyHeroWavePBR/Mesh/HeadParts/Hat12.fbx using Guid(8c13d4d77c8f0f34ca464874f24a7493) Importer(815301076,1909f56bfc062723c751e8b465ee728b) [PhysX] Initialized MultithreadedTaskDispatcher with 16 workers.
[PhysX] Initialized MultithreadedTaskDispatcher with 16 workers.
[PhysX] Initialized MultithreadedTaskDispatcher with 16 workers.
 -> (artifact id: '60d6ae464e719e7fd06111a3b636e319') in 0.028359 seconds
Number of updated asset objects reloaded before import = 0
Number of asset objects unloaded after import = 7
========================================================================
Received Import Request.
  Time since last request: 0.000020 seconds.
  path: Assets/ExternalAsset/RPGTinyHeroWavePBR/Mesh/HeadParts/Hat11.fbx
  artifactKey: Guid(0d6a02cf19c5b9341af95efeca6f6931) Importer(815301076,1909f56bfc062723c751e8b465ee728b)
Start importing Assets/ExternalAsset/RPGTinyHeroWavePBR/Mesh/HeadParts/Hat11.fbx using Guid(0d6a02cf19c5b9341af95efeca6f6931) Importer(815301076,1909f56bfc062723c751e8b465ee728b) [PhysX] Initialized MultithreadedTaskDispatcher with 16 workers.
[PhysX] Initialized MultithreadedTaskDispatcher with 16 workers.
[PhysX] Initialized MultithreadedTaskDispatcher with 16 workers.
 -> (artifact id: 'a141739708c2c7dd0e5051e151669ab6') in 0.023897 seconds
Number of updated asset objects reloaded before import = 0
Number of asset objects unloaded after import = 7
========================================================================
Received Import Request.
  Time since last request: 0.000015 seconds.
  path: Assets/ExternalAsset/RPGTinyHeroWavePBR/Mesh/HeadParts/Head03_Brown.fbx
  artifactKey: Guid(8d4696037113638488235ed0d62cffe1) Importer(815301076,1909f56bfc062723c751e8b465ee728b)
Start importing Assets/ExternalAsset/RPGTinyHeroWavePBR/Mesh/HeadParts/Head03_Brown.fbx using Guid(8d4696037113638488235ed0d62cffe1) Importer(815301076,1909f56bfc062723c751e8b465ee728b) [PhysX] Initialized MultithreadedTaskDispatcher with 16 workers.
[PhysX] Initialized MultithreadedTaskDispatcher with 16 workers.
[PhysX] Initialized MultithreadedTaskDispatcher with 16 workers.
 -> (artifact id: '6d0279fa6a59ce4ec6966141d4810748') in 0.027282 seconds
Number of updated asset objects reloaded before import = 0
Number of asset objects unloaded after import = 7
========================================================================
Received Import Request.
  Time since last request: 0.990996 seconds.
  path: Assets/ExternalAsset/RPGTinyHeroWavePBR/Mesh/HeadParts/Head03_Purple.fbx
  artifactKey: Guid(3c72c62b510c633438e32565d2c518cd) Importer(815301076,1909f56bfc062723c751e8b465ee728b)
Start importing Assets/ExternalAsset/RPGTinyHeroWavePBR/Mesh/HeadParts/Head03_Purple.fbx using Guid(3c72c62b510c633438e32565d2c518cd) Importer(815301076,1909f56bfc062723c751e8b465ee728b) [PhysX] Initialized MultithreadedTaskDispatcher with 16 workers.
[PhysX] Initialized MultithreadedTaskDispatcher with 16 workers.
[PhysX] Initialized MultithreadedTaskDispatcher with 16 workers.
 -> (artifact id: '2753c4ee78171b2996793915a736297e') in 0.029810 seconds
Number of updated asset objects reloaded before import = 0
Number of asset objects unloaded after import = 7
========================================================================
Received Import Request.
  Time since last request: 0.039562 seconds.
  path: Assets/ExternalAsset/RPGTinyHeroWavePBR/Mesh/HeadParts/Head04_Blue.fbx
  artifactKey: Guid(8df6ffc2dea4c124db586b7d20a8ca45) Importer(815301076,1909f56bfc062723c751e8b465ee728b)
Start importing Assets/ExternalAsset/RPGTinyHeroWavePBR/Mesh/HeadParts/Head04_Blue.fbx using Guid(8df6ffc2dea4c124db586b7d20a8ca45) Importer(815301076,1909f56bfc062723c751e8b465ee728b) [PhysX] Initialized MultithreadedTaskDispatcher with 16 workers.
[PhysX] Initialized MultithreadedTaskDispatcher with 16 workers.
[PhysX] Initialized MultithreadedTaskDispatcher with 16 workers.
 -> (artifact id: '100b2562a505f7646c9c686742cc75ed') in 0.026861 seconds
Number of updated asset objects reloaded before import = 0
Number of asset objects unloaded after import = 7
========================================================================
Received Import Request.
  Time since last request: 0.507542 seconds.
  path: Assets/ExternalAsset/RPGTinyHeroWavePBR/Mesh/HeadParts/Head04_Purple.fbx
  artifactKey: Guid(a4636ebb006a9b24597d9ab7ed6404c4) Importer(815301076,1909f56bfc062723c751e8b465ee728b)
Start importing Assets/ExternalAsset/RPGTinyHeroWavePBR/Mesh/HeadParts/Head04_Purple.fbx using Guid(a4636ebb006a9b24597d9ab7ed6404c4) Importer(815301076,1909f56bfc062723c751e8b465ee728b) [PhysX] Initialized MultithreadedTaskDispatcher with 16 workers.
[PhysX] Initialized MultithreadedTaskDispatcher with 16 workers.
[PhysX] Initialized MultithreadedTaskDispatcher with 16 workers.
 -> (artifact id: 'ffde1fc04f2bda2fb8434547cf0c1d62') in 0.032053 seconds
Number of updated asset objects reloaded before import = 0
Number of asset objects unloaded after import = 7
========================================================================
Received Import Request.
  Time since last request: 0.002257 seconds.
  path: Assets/ExternalAsset/RPGTinyHeroWavePBR/Mesh/HeadParts/Head05_Santa.fbx
  artifactKey: Guid(82d98bb6ad1d4eb4c96438c9931d159d) Importer(815301076,1909f56bfc062723c751e8b465ee728b)
Start importing Assets/ExternalAsset/RPGTinyHeroWavePBR/Mesh/HeadParts/Head05_Santa.fbx using Guid(82d98bb6ad1d4eb4c96438c9931d159d) Importer(815301076,1909f56bfc062723c751e8b465ee728b) [PhysX] Initialized MultithreadedTaskDispatcher with 16 workers.
[PhysX] Initialized MultithreadedTaskDispatcher with 16 workers.
[PhysX] Initialized MultithreadedTaskDispatcher with 16 workers.
 -> (artifact id: '53512ca6b0ed5b09908745abb5743333') in 0.030559 seconds
Number of updated asset objects reloaded before import = 0
Number of asset objects unloaded after import = 7
========================================================================
Received Import Request.
  Time since last request: 0.350087 seconds.
  path: Assets/ExternalAsset/RPGTinyHeroWavePBR/Mesh/HeadParts/HeadArmor03.fbx
  artifactKey: Guid(2e0e31605fe376d46bbca618d5e4b933) Importer(815301076,1909f56bfc062723c751e8b465ee728b)
Start importing Assets/ExternalAsset/RPGTinyHeroWavePBR/Mesh/HeadParts/HeadArmor03.fbx using Guid(2e0e31605fe376d46bbca618d5e4b933) Importer(815301076,1909f56bfc062723c751e8b465ee728b) [PhysX] Initialized MultithreadedTaskDispatcher with 16 workers.
[PhysX] Initialized MultithreadedTaskDispatcher with 16 workers.
[PhysX] Initialized MultithreadedTaskDispatcher with 16 workers.
 -> (artifact id: '86ba6c939749bbc0db561edf09b480e3') in 0.026010 seconds
Number of updated asset objects reloaded before import = 0
Number of asset objects unloaded after import = 7
========================================================================
Received Import Request.
  Time since last request: 0.000017 seconds.
  path: Assets/ExternalAsset/RPGTinyHeroWavePBR/Mesh/HeadParts/Mouth03.fbx
  artifactKey: Guid(ed5a5415b10bdaf4689236fcba7b765f) Importer(815301076,1909f56bfc062723c751e8b465ee728b)
Start importing Assets/ExternalAsset/RPGTinyHeroWavePBR/Mesh/HeadParts/Mouth03.fbx using Guid(ed5a5415b10bdaf4689236fcba7b765f) Importer(815301076,1909f56bfc062723c751e8b465ee728b) [PhysX] Initialized MultithreadedTaskDispatcher with 16 workers.
[PhysX] Initialized MultithreadedTaskDispatcher with 16 workers.
[PhysX] Initialized MultithreadedTaskDispatcher with 16 workers.
 -> (artifact id: '3054440379e7f4dc033bc64ef63f2981') in 0.045065 seconds
Number of updated asset objects reloaded before import = 0
Number of asset objects unloaded after import = 7
========================================================================
Received Import Request.
  Time since last request: 0.037829 seconds.
  path: Assets/ExternalAsset/RPGTinyHeroWavePBR/Mesh/HeadParts/Mouth04.fbx
  artifactKey: Guid(9de5cdd0b46bdbe48bb24ce37f64456d) Importer(815301076,1909f56bfc062723c751e8b465ee728b)
Start importing Assets/ExternalAsset/RPGTinyHeroWavePBR/Mesh/HeadParts/Mouth04.fbx using Guid(9de5cdd0b46bdbe48bb24ce37f64456d) Importer(815301076,1909f56bfc062723c751e8b465ee728b) [PhysX] Initialized MultithreadedTaskDispatcher with 16 workers.
[PhysX] Initialized MultithreadedTaskDispatcher with 16 workers.
[PhysX] Initialized MultithreadedTaskDispatcher with 16 workers.
 -> (artifact id: 'fd87f2277a1675d5e17fc4fdc5b27044') in 0.029574 seconds
Number of updated asset objects reloaded before import = 0
Number of asset objects unloaded after import = 7
========================================================================
Received Import Request.
  Time since last request: 0.171074 seconds.
  path: Assets/ExternalAsset/RPGTinyHeroWavePBR/Mesh/HeadParts/Mouth07.fbx
  artifactKey: Guid(95483c2c35ff75647a96fc52583146bc) Importer(815301076,1909f56bfc062723c751e8b465ee728b)
Start importing Assets/ExternalAsset/RPGTinyHeroWavePBR/Mesh/HeadParts/Mouth07.fbx using Guid(95483c2c35ff75647a96fc52583146bc) Importer(815301076,1909f56bfc062723c751e8b465ee728b) [PhysX] Initialized MultithreadedTaskDispatcher with 16 workers.
[PhysX] Initialized MultithreadedTaskDispatcher with 16 workers.
[PhysX] Initialized MultithreadedTaskDispatcher with 16 workers.
 -> (artifact id: '90813ac6dee27c402372182c6fba61ab') in 0.040896 seconds
Number of updated asset objects reloaded before import = 0
Number of asset objects unloaded after import = 7
========================================================================
Received Import Request.
  Time since last request: 1.337625 seconds.
  path: Assets/ExternalAsset/RPGTinyHeroWavePBR/Mesh/Weapons/Shield18.fbx
  artifactKey: Guid(f0d1bfa68e7442f4a8605885d5e228fd) Importer(815301076,1909f56bfc062723c751e8b465ee728b)
Start importing Assets/ExternalAsset/RPGTinyHeroWavePBR/Mesh/Weapons/Shield18.fbx using Guid(f0d1bfa68e7442f4a8605885d5e228fd) Importer(815301076,1909f56bfc062723c751e8b465ee728b) [PhysX] Initialized MultithreadedTaskDispatcher with 16 workers.
[PhysX] Initialized MultithreadedTaskDispatcher with 16 workers.
[PhysX] Initialized MultithreadedTaskDispatcher with 16 workers.
 -> (artifact id: 'c8719ad91af0c3b65cf3348102891d89') in 0.042748 seconds
Number of updated asset objects reloaded before import = 0
Number of asset objects unloaded after import = 7
========================================================================
Received Import Request.
  Time since last request: 0.000026 seconds.
  path: Assets/ExternalAsset/RPGTinyHeroWavePBR/Mesh/Weapons/THS05_Sword.fbx
  artifactKey: Guid(3edc74720bed22d43a9887ac2efb04ae) Importer(815301076,1909f56bfc062723c751e8b465ee728b)
Start importing Assets/ExternalAsset/RPGTinyHeroWavePBR/Mesh/Weapons/THS05_Sword.fbx using Guid(3edc74720bed22d43a9887ac2efb04ae) Importer(815301076,1909f56bfc062723c751e8b465ee728b) [PhysX] Initialized MultithreadedTaskDispatcher with 16 workers.
[PhysX] Initialized MultithreadedTaskDispatcher with 16 workers.
[PhysX] Initialized MultithreadedTaskDispatcher with 16 workers.
 -> (artifact id: '8ba50e4640759e22661ba7dc03f90e56') in 0.028251 seconds
Number of updated asset objects reloaded before import = 0
Number of asset objects unloaded after import = 7
========================================================================
Received Import Request.
  Time since last request: 0.000022 seconds.
  path: Assets/ExternalAsset/RPGTinyHeroWavePBR/Mesh/Weapons/Wand07.fbx
  artifactKey: Guid(d127b00e38bd3d147ad347a52600cd82) Importer(815301076,1909f56bfc062723c751e8b465ee728b)
Start importing Assets/ExternalAsset/RPGTinyHeroWavePBR/Mesh/Weapons/Wand07.fbx using Guid(d127b00e38bd3d147ad347a52600cd82) Importer(815301076,1909f56bfc062723c751e8b465ee728b) [PhysX] Initialized MultithreadedTaskDispatcher with 16 workers.
[PhysX] Initialized MultithreadedTaskDispatcher with 16 workers.
[PhysX] Initialized MultithreadedTaskDispatcher with 16 workers.
 -> (artifact id: '00a5a81eb25c8cbd8f43c463bf8afe9e') in 0.023633 seconds
Number of updated asset objects reloaded before import = 0
Number of asset objects unloaded after import = 7
========================================================================
Received Import Request.
  Time since last request: 0.000017 seconds.
  path: Assets/ExternalAsset/RPGTinyHeroWavePBR/Mesh/Weapons/Spear02.fbx
  artifactKey: Guid(c36990aee88a97c4889413b2e1e2712b) Importer(815301076,1909f56bfc062723c751e8b465ee728b)
Start importing Assets/ExternalAsset/RPGTinyHeroWavePBR/Mesh/Weapons/Spear02.fbx using Guid(c36990aee88a97c4889413b2e1e2712b) Importer(815301076,1909f56bfc062723c751e8b465ee728b) [PhysX] Initialized MultithreadedTaskDispatcher with 16 workers.
[PhysX] Initialized MultithreadedTaskDispatcher with 16 workers.
[PhysX] Initialized MultithreadedTaskDispatcher with 16 workers.
 -> (artifact id: '242f300f00aba0747df345eeb5886cb5') in 0.025244 seconds
Number of updated asset objects reloaded before import = 0
Number of asset objects unloaded after import = 7
========================================================================
Received Import Request.
  Time since last request: 0.000016 seconds.
  path: Assets/ExternalAsset/RPGTinyHeroWavePBR/Mesh/Weapons/Wand04.fbx
  artifactKey: Guid(8607e7654138db448a3b953613c633dc) Importer(815301076,1909f56bfc062723c751e8b465ee728b)
Start importing Assets/ExternalAsset/RPGTinyHeroWavePBR/Mesh/Weapons/Wand04.fbx using Guid(8607e7654138db448a3b953613c633dc) Importer(815301076,1909f56bfc062723c751e8b465ee728b) [PhysX] Initialized MultithreadedTaskDispatcher with 16 workers.
[PhysX] Initialized MultithreadedTaskDispatcher with 16 workers.
[PhysX] Initialized MultithreadedTaskDispatcher with 16 workers.
 -> (artifact id: '58f660d2370d6b90105bf8a1e8696d27') in 0.033197 seconds
Number of updated asset objects reloaded before import = 0
Number of asset objects unloaded after import = 7
========================================================================
Received Import Request.
  Time since last request: 0.000026 seconds.
  path: Assets/ExternalAsset/RPGTinyHeroWavePBR/Mesh/Weapons/Spear04.fbx
  artifactKey: Guid(a6cfaa01b208f384bbcb436a405dbe4a) Importer(815301076,1909f56bfc062723c751e8b465ee728b)
Start importing Assets/ExternalAsset/RPGTinyHeroWavePBR/Mesh/Weapons/Spear04.fbx using Guid(a6cfaa01b208f384bbcb436a405dbe4a) Importer(815301076,1909f56bfc062723c751e8b465ee728b) [PhysX] Initialized MultithreadedTaskDispatcher with 16 workers.
[PhysX] Initialized MultithreadedTaskDispatcher with 16 workers.
[PhysX] Initialized MultithreadedTaskDispatcher with 16 workers.
 -> (artifact id: 'd942d74944a2a8fa117c821c6d38d3fb') in 0.026714 seconds
Number of updated asset objects reloaded before import = 0
Number of asset objects unloaded after import = 7
========================================================================
Received Import Request.
  Time since last request: 1.344786 seconds.
  path: Assets/ExternalAsset/RPGTinyHeroWavePBR/Material/DefaultPBR.mat
  artifactKey: Guid(f323cced30244554986ee5e9f5dd8b67) Importer(815301076,1909f56bfc062723c751e8b465ee728b)
Start importing Assets/ExternalAsset/RPGTinyHeroWavePBR/Material/DefaultPBR.mat using Guid(f323cced30244554986ee5e9f5dd8b67) Importer(815301076,1909f56bfc062723c751e8b465ee728b) [PhysX] Initialized MultithreadedTaskDispatcher with 16 workers.
[PhysX] Initialized MultithreadedTaskDispatcher with 16 workers.
 -> (artifact id: '231c99c93553d73c3f730acfa83e09c8') in 0.058945 seconds
Number of updated asset objects reloaded before import = 0
Number of asset objects unloaded after import = 4
Editor requested this worker to shutdown with reason: Scaling down because of idle timeout
TcpMessagingSession - receive error: operation aborted. errorcode: 995, details:        I/O  .
AssetImportWorker is now disconnected from the server
Process exiting
Exiting without the bug reporter. Application will terminate with return code 0